[1.693s] Invoking command in '/home/clgpoulain/ros2_ws/build/my_robot_controller': PYTHONPATH=/home/clgpoulain/ros2_ws/build/my_robot_controller/prefix_override:/home/clgpoulain/ros2_ws/install/my_robot_controller/lib/python3.10/site-packages:${PYTHONPATH} /usr/bin/python3 setup.py develop --editable --build-directory /home/clgpoulain/ros2_ws/build/my_robot_controller/build --no-deps install_data
[2.124s] running develop
[2.416s] running egg_info
[2.416s] writing my_robot_controller.egg-info/PKG-INFO
[2.416s] writing dependency_links to my_robot_controller.egg-info/dependency_links.txt
[2.416s] writing entry points to my_robot_controller.egg-info/entry_points.txt
[2.417s] writing requirements to my_robot_controller.egg-info/requires.txt
[2.417s] writing top-level names to my_robot_controller.egg-info/top_level.txt
[2.419s] reading manifest file 'my_robot_controller.egg-info/SOURCES.txt'
[2.420s] writing manifest file 'my_robot_controller.egg-info/SOURCES.txt'
[2.422s] running build_ext
[2.422s] Creating /home/clgpoulain/ros2_ws/install/my_robot_controller/lib/python3.10/site-packages/my-robot-controller.egg-link (link to .)
[2.425s] Installing my_first_trial script to /home/clgpoulain/ros2_ws/install/my_robot_controller/lib/my_robot_controller
[2.425s] Installing pose_subscriber script to /home/clgpoulain/ros2_ws/install/my_robot_controller/lib/my_robot_controller
[2.426s] Installing robot_controller script to /home/clgpoulain/ros2_ws/install/my_robot_controller/lib/my_robot_controller
[2.426s] Installing turtle_circle script to /home/clgpoulain/ros2_ws/install/my_robot_controller/lib/my_robot_controller
[2.426s] 
[2.426s] Installed /home/clgpoulain/ros2_ws/build/my_robot_controller
[2.426s] running install_data
[2.488s] Invoked command in '/home/clgpoulain/ros2_ws/build/my_robot_controller' returned '0': PYTHONPATH=/home/clgpoulain/ros2_ws/build/my_robot_controller/prefix_override:/home/clgpoulain/ros2_ws/install/my_robot_controller/lib/python3.10/site-packages:${PYTHONPATH} /usr/bin/python3 setup.py develop --editable --build-directory /home/clgpoulain/ros2_ws/build/my_robot_controller/build --no-deps install_data
