[0.655s] Invoking command in '/home/clgpoulain/ros2_ws/build/my_robot_description': CMAKE_PREFIX_PATH=/home/clgpoulain/ros2_ws/install/my_robot_controller:/opt/ros/humble /usr/bin/cmake /home/clgpoulain/ros2_ws/src/my_robot_description -DCMAKE_INSTALL_PREFIX=/home/clgpoulain/ros2_ws/install/my_robot_description
[1.206s] -- The C compiler identification is GNU 11.4.0
[1.694s] -- The CXX compiler identification is GNU 11.4.0
[1.743s] -- Detecting C compiler ABI info
[1.952s] -- Detecting C compiler ABI info - done
[1.965s] -- Check for working C compiler: /usr/bin/cc - skipped
[1.965s] -- Detecting C compile features
[1.985s] -- Detecting C compile features - done
[1.995s] -- Detecting CXX compiler ABI info
[2.142s] -- Detecting CXX compiler ABI info - done
[2.156s] -- Check for working CXX compiler: /usr/bin/c++ - skipped
[2.156s] -- Detecting CXX compile features
[2.157s] -- Detecting CXX compile features - done
[2.201s] -- Found ament_cmake: 1.3.8 (/opt/ros/humble/share/ament_cmake/cmake)
[2.541s] -- Found Python3: /usr/bin/python3 (found version "3.10.12") found components: Interpreter 
[2.839s] -- Configuring done
[2.841s] -- Generating done
[2.842s] -- Build files have been written to: /home/clgpoulain/ros2_ws/build/my_robot_description
[2.851s] Invoked command in '/home/clgpoulain/ros2_ws/build/my_robot_description' returned '0': CMAKE_PREFIX_PATH=/home/clgpoulain/ros2_ws/install/my_robot_controller:/opt/ros/humble /usr/bin/cmake /home/clgpoulain/ros2_ws/src/my_robot_description -DCMAKE_INSTALL_PREFIX=/home/clgpoulain/ros2_ws/install/my_robot_description
[2.853s] Invoking command in '/home/clgpoulain/ros2_ws/build/my_robot_description': CMAKE_PREFIX_PATH=/home/clgpoulain/ros2_ws/install/my_robot_controller:/opt/ros/humble /usr/bin/cmake --build /home/clgpoulain/ros2_ws/build/my_robot_description -- -j4 -l4
[2.911s] Invoked command in '/home/clgpoulain/ros2_ws/build/my_robot_description' returned '0': CMAKE_PREFIX_PATH=/home/clgpoulain/ros2_ws/install/my_robot_controller:/opt/ros/humble /usr/bin/cmake --build /home/clgpoulain/ros2_ws/build/my_robot_description -- -j4 -l4
[2.956s] Invoking command in '/home/clgpoulain/ros2_ws/build/my_robot_description': CMAKE_PREFIX_PATH=/home/clgpoulain/ros2_ws/install/my_robot_controller:/opt/ros/humble /usr/bin/cmake --install /home/clgpoulain/ros2_ws/build/my_robot_description
[2.967s] -- Install configuration: ""
[2.967s] -- Installing: /home/clgpoulain/ros2_ws/install/my_robot_description/share/my_robot_description//urdf
[2.967s] -- Installing: /home/clgpoulain/ros2_ws/install/my_robot_description/share/my_robot_description//urdf/my_robot.urdf
[2.968s] -- Installing: /home/clgpoulain/ros2_ws/install/my_robot_description/share/ament_index/resource_index/package_run_dependencies/my_robot_description
[2.968s] -- Installing: /home/clgpoulain/ros2_ws/install/my_robot_description/share/ament_index/resource_index/parent_prefix_path/my_robot_description
[2.968s] -- Installing: /home/clgpoulain/ros2_ws/install/my_robot_description/share/my_robot_description/environment/ament_prefix_path.sh
[2.968s] -- Installing: /home/clgpoulain/ros2_ws/install/my_robot_description/share/my_robot_description/environment/ament_prefix_path.dsv
[2.968s] -- Installing: /home/clgpoulain/ros2_ws/install/my_robot_description/share/my_robot_description/environment/path.sh
[2.969s] -- Installing: /home/clgpoulain/ros2_ws/install/my_robot_description/share/my_robot_description/environment/path.dsv
[2.969s] -- Installing: /home/clgpoulain/ros2_ws/install/my_robot_description/share/my_robot_description/local_setup.bash
[2.969s] -- Installing: /home/clgpoulain/ros2_ws/install/my_robot_description/share/my_robot_description/local_setup.sh
[2.969s] -- Installing: /home/clgpoulain/ros2_ws/install/my_robot_description/share/my_robot_description/local_setup.zsh
[2.969s] -- Installing: /home/clgpoulain/ros2_ws/install/my_robot_description/share/my_robot_description/local_setup.dsv
[2.969s] -- Installing: /home/clgpoulain/ros2_ws/install/my_robot_description/share/my_robot_description/package.dsv
[2.970s] -- Installing: /home/clgpoulain/ros2_ws/install/my_robot_description/share/ament_index/resource_index/packages/my_robot_description
[2.970s] -- Installing: /home/clgpoulain/ros2_ws/install/my_robot_description/share/my_robot_description/cmake/my_robot_descriptionConfig.cmake
[2.970s] -- Installing: /home/clgpoulain/ros2_ws/install/my_robot_description/share/my_robot_description/cmake/my_robot_descriptionConfig-version.cmake
[2.970s] -- Installing: /home/clgpoulain/ros2_ws/install/my_robot_description/share/my_robot_description/package.xml
[2.972s] Invoked command in '/home/clgpoulain/ros2_ws/build/my_robot_description' returned '0': CMAKE_PREFIX_PATH=/home/clgpoulain/ros2_ws/install/my_robot_controller:/opt/ros/humble /usr/bin/cmake --install /home/clgpoulain/ros2_ws/build/my_robot_description
