[0.647s] Invoking command in '/home/clgpoulain/ros2_ws/build/my_robot_description': CMAKE_PREFIX_PATH=/home/clgpoulain/ros2_ws/install/my_robot_controller:/opt/ros/humble /usr/bin/cmake /home/clgpoulain/ros2_ws/src/my_robot_description -DCMAKE_INSTALL_PREFIX=/home/clgpoulain/ros2_ws/install/my_robot_description
[1.611s] -- The C compiler identification is GNU 11.4.0
[1.975s] -- The CXX compiler identification is GNU 11.4.0
[2.000s] -- Detecting C compiler ABI info
[2.302s] -- Detecting C compiler ABI info - done
[2.312s] -- Check for working C compiler: /usr/bin/cc - skipped
[2.313s] -- Detecting C compile features
[2.349s] -- Detecting C compile features - done
[2.355s] -- Detecting CXX compiler ABI info
[2.511s] -- Detecting CXX compiler ABI info - done
[2.523s] -- Check for working CXX compiler: /usr/bin/c++ - skipped
[2.523s] -- Detecting CXX compile features
[2.524s] -- Detecting CXX compile features - done
[2.590s] -- Found ament_cmake: 1.3.8 (/opt/ros/humble/share/ament_cmake/cmake)
[2.915s] -- Found Python3: /usr/bin/python3 (found version "3.10.12") found components: Interpreter 
[3.345s] -- Configuring done
[3.349s] -- Generating done
[3.350s] -- Build files have been written to: /home/clgpoulain/ros2_ws/build/my_robot_description
[3.355s] Invoked command in '/home/clgpoulain/ros2_ws/build/my_robot_description' returned '0': CMAKE_PREFIX_PATH=/home/clgpoulain/ros2_ws/install/my_robot_controller:/opt/ros/humble /usr/bin/cmake /home/clgpoulain/ros2_ws/src/my_robot_description -DCMAKE_INSTALL_PREFIX=/home/clgpoulain/ros2_ws/install/my_robot_description
[3.357s] Invoking command in '/home/clgpoulain/ros2_ws/build/my_robot_description': CMAKE_PREFIX_PATH=/home/clgpoulain/ros2_ws/install/my_robot_controller:/opt/ros/humble /usr/bin/cmake --build /home/clgpoulain/ros2_ws/build/my_robot_description -- -j4 -l4
[3.413s] Invoked command in '/home/clgpoulain/ros2_ws/build/my_robot_description' returned '0': CMAKE_PREFIX_PATH=/home/clgpoulain/ros2_ws/install/my_robot_controller:/opt/ros/humble /usr/bin/cmake --build /home/clgpoulain/ros2_ws/build/my_robot_description -- -j4 -l4
[3.456s] Invoking command in '/home/clgpoulain/ros2_ws/build/my_robot_description': CMAKE_PREFIX_PATH=/home/clgpoulain/ros2_ws/install/my_robot_controller:/opt/ros/humble /usr/bin/cmake --install /home/clgpoulain/ros2_ws/build/my_robot_description
[3.469s] -- Install configuration: ""
[3.470s] -- Installing: /home/clgpoulain/ros2_ws/install/my_robot_description/share/$(PROJECT_NAME)//urdf
[3.470s] -- Installing: /home/clgpoulain/ros2_ws/install/my_robot_description/share/$(PROJECT_NAME)//urdf/my_robot.urdf
[3.470s] -- Installing: /home/clgpoulain/ros2_ws/install/my_robot_description/share/ament_index/resource_index/package_run_dependencies/my_robot_description
[3.471s] -- Installing: /home/clgpoulain/ros2_ws/install/my_robot_description/share/ament_index/resource_index/parent_prefix_path/my_robot_description
[3.471s] -- Installing: /home/clgpoulain/ros2_ws/install/my_robot_description/share/my_robot_description/environment/ament_prefix_path.sh
[3.472s] -- Installing: /home/clgpoulain/ros2_ws/install/my_robot_description/share/my_robot_description/environment/ament_prefix_path.dsv
[3.472s] -- Installing: /home/clgpoulain/ros2_ws/install/my_robot_description/share/my_robot_description/environment/path.sh
[3.472s] -- Installing: /home/clgpoulain/ros2_ws/install/my_robot_description/share/my_robot_description/environment/path.dsv
[3.472s] -- Installing: /home/clgpoulain/ros2_ws/install/my_robot_description/share/my_robot_description/local_setup.bash
[3.472s] -- Installing: /home/clgpoulain/ros2_ws/install/my_robot_description/share/my_robot_description/local_setup.sh
[3.472s] -- Installing: /home/clgpoulain/ros2_ws/install/my_robot_description/share/my_robot_description/local_setup.zsh
[3.473s] -- Installing: /home/clgpoulain/ros2_ws/install/my_robot_description/share/my_robot_description/local_setup.dsv
[3.473s] -- Installing: /home/clgpoulain/ros2_ws/install/my_robot_description/share/my_robot_description/package.dsv
[3.473s] -- Installing: /home/clgpoulain/ros2_ws/install/my_robot_description/share/ament_index/resource_index/packages/my_robot_description
[3.473s] -- Installing: /home/clgpoulain/ros2_ws/install/my_robot_description/share/my_robot_description/cmake/my_robot_descriptionConfig.cmake
[3.473s] -- Installing: /home/clgpoulain/ros2_ws/install/my_robot_description/share/my_robot_description/cmake/my_robot_descriptionConfig-version.cmake
[3.473s] -- Installing: /home/clgpoulain/ros2_ws/install/my_robot_description/share/my_robot_description/package.xml
[3.475s] Invoked command in '/home/clgpoulain/ros2_ws/build/my_robot_description' returned '0': CMAKE_PREFIX_PATH=/home/clgpoulain/ros2_ws/install/my_robot_controller:/opt/ros/humble /usr/bin/cmake --install /home/clgpoulain/ros2_ws/build/my_robot_description
