[1.103s] Invoking command in '/home/clgpoulain/ros2_ws/build/my_robot_controller': PYTHONPATH=/home/clgpoulain/ros2_ws/build/my_robot_controller/prefix_override:/home/clgpoulain/ros2_ws/install/my_robot_controller/lib/python3.10/site-packages:${PYTHONPATH} /usr/bin/python3 setup.py develop --editable --build-directory /home/clgpoulain/ros2_ws/build/my_robot_controller/build --no-deps install_data
[1.446s] running develop
[1.672s] running egg_info
[1.672s] writing my_robot_controller.egg-info/PKG-INFO
[1.673s] writing dependency_links to my_robot_controller.egg-info/dependency_links.txt
[1.673s] writing entry points to my_robot_controller.egg-info/entry_points.txt
[1.673s] writing requirements to my_robot_controller.egg-info/requires.txt
[1.673s] writing top-level names to my_robot_controller.egg-info/top_level.txt
[1.675s] reading manifest file 'my_robot_controller.egg-info/SOURCES.txt'
[1.676s] writing manifest file 'my_robot_controller.egg-info/SOURCES.txt'
[1.678s] running build_ext
[1.678s] Creating /home/clgpoulain/ros2_ws/install/my_robot_controller/lib/python3.10/site-packages/my-robot-controller.egg-link (link to .)
[1.679s] Installing my_first_trial script to /home/clgpoulain/ros2_ws/install/my_robot_controller/lib/my_robot_controller
[1.679s] Installing pose_subscriber script to /home/clgpoulain/ros2_ws/install/my_robot_controller/lib/my_robot_controller
[1.679s] Installing robot_controller script to /home/clgpoulain/ros2_ws/install/my_robot_controller/lib/my_robot_controller
[1.679s] Installing turtle_circle script to /home/clgpoulain/ros2_ws/install/my_robot_controller/lib/my_robot_controller
[1.679s] 
[1.680s] Installed /home/clgpoulain/ros2_ws/build/my_robot_controller
[1.680s] running install_data
[1.716s] Invoked command in '/home/clgpoulain/ros2_ws/build/my_robot_controller' returned '0': PYTHONPATH=/home/clgpoulain/ros2_ws/build/my_robot_controller/prefix_override:/home/clgpoulain/ros2_ws/install/my_robot_controller/lib/python3.10/site-packages:${PYTHONPATH} /usr/bin/python3 setup.py develop --editable --build-directory /home/clgpoulain/ros2_ws/build/my_robot_controller/build --no-deps install_data
