[0.708s] Invoking command in '/home/clgpoulain/ros2_ws/build/my_robot_description': CMAKE_PREFIX_PATH=${CMAKE_PREFIX_PATH}:/home/clgpoulain/ros2_ws/install/my_robot_controller:/opt/ros/humble /usr/bin/cmake --build /home/clgpoulain/ros2_ws/build/my_robot_description -- -j4 -l4
[0.772s] Invoked command in '/home/clgpoulain/ros2_ws/build/my_robot_description' returned '0': CMAKE_PREFIX_PATH=${CMAKE_PREFIX_PATH}:/home/clgpoulain/ros2_ws/install/my_robot_controller:/opt/ros/humble /usr/bin/cmake --build /home/clgpoulain/ros2_ws/build/my_robot_description -- -j4 -l4
[0.822s] Invoking command in '/home/clgpoulain/ros2_ws/build/my_robot_description': CMAKE_PREFIX_PATH=${CMAKE_PREFIX_PATH}:/home/clgpoulain/ros2_ws/install/my_robot_controller:/opt/ros/humble /usr/bin/cmake --install /home/clgpoulain/ros2_ws/build/my_robot_description
[0.837s] -- Install configuration: ""
[0.841s] -- Up-to-date: /home/clgpoulain/ros2_ws/install/my_robot_description/share/my_robot_description//urdf
[0.841s] -- Installing: /home/clgpoulain/ros2_ws/install/my_robot_description/share/my_robot_description//urdf/my_robot.urdf.xacro
[0.841s] -- Up-to-date: /home/clgpoulain/ros2_ws/install/my_robot_description/share/my_robot_description//launch
[0.841s] -- Installing: /home/clgpoulain/ros2_ws/install/my_robot_description/share/my_robot_description//launch/display.launch.xml
[0.842s] -- Up-to-date: /home/clgpoulain/ros2_ws/install/my_robot_description/share/my_robot_description//rviz
[0.842s] -- Up-to-date: /home/clgpoulain/ros2_ws/install/my_robot_description/share/my_robot_description//rviz/my_robot.rviz
[0.843s] -- Up-to-date: /home/clgpoulain/ros2_ws/install/my_robot_description/share/ament_index/resource_index/package_run_dependencies/my_robot_description
[0.843s] -- Up-to-date: /home/clgpoulain/ros2_ws/install/my_robot_description/share/ament_index/resource_index/parent_prefix_path/my_robot_description
[0.843s] -- Up-to-date: /home/clgpoulain/ros2_ws/install/my_robot_description/share/my_robot_description/environment/ament_prefix_path.sh
[0.843s] -- Up-to-date: /home/clgpoulain/ros2_ws/install/my_robot_description/share/my_robot_description/environment/ament_prefix_path.dsv
[0.853s] -- Up-to-date: /home/clgpoulain/ros2_ws/install/my_robot_description/share/my_robot_description/environment/path.sh
[0.853s] -- Up-to-date: /home/clgpoulain/ros2_ws/install/my_robot_description/share/my_robot_description/environment/path.dsv
[0.853s] -- Up-to-date: /home/clgpoulain/ros2_ws/install/my_robot_description/share/my_robot_description/local_setup.bash
[0.853s] -- Up-to-date: /home/clgpoulain/ros2_ws/install/my_robot_description/share/my_robot_description/local_setup.sh
[0.853s] -- Up-to-date: /home/clgpoulain/ros2_ws/install/my_robot_description/share/my_robot_description/local_setup.zsh
[0.853s] -- Up-to-date: /home/clgpoulain/ros2_ws/install/my_robot_description/share/my_robot_description/local_setup.dsv
[0.854s] -- Installing: /home/clgpoulain/ros2_ws/install/my_robot_description/share/my_robot_description/package.dsv
[0.854s] -- Up-to-date: /home/clgpoulain/ros2_ws/install/my_robot_description/share/ament_index/resource_index/packages/my_robot_description
[0.854s] -- Up-to-date: /home/clgpoulain/ros2_ws/install/my_robot_description/share/my_robot_description/cmake/my_robot_descriptionConfig.cmake
[0.854s] -- Up-to-date: /home/clgpoulain/ros2_ws/install/my_robot_description/share/my_robot_description/cmake/my_robot_descriptionConfig-version.cmake
[0.854s] -- Up-to-date: /home/clgpoulain/ros2_ws/install/my_robot_description/share/my_robot_description/package.xml
[0.854s] Invoked command in '/home/clgpoulain/ros2_ws/build/my_robot_description' returned '0': CMAKE_PREFIX_PATH=${CMAKE_PREFIX_PATH}:/home/clgpoulain/ros2_ws/install/my_robot_controller:/opt/ros/humble /usr/bin/cmake --install /home/clgpoulain/ros2_ws/build/my_robot_description
