[1.765s] Invoking command in '/home/clgpoulain/ros2_ws/build/my_robot_controller': PYTHONPATH=/home/clgpoulain/ros2_ws/build/my_robot_controller/prefix_override:/home/clgpoulain/ros2_ws/install/my_robot_controller/lib/python3.10/site-packages:${PYTHONPATH} /usr/bin/python3 setup.py develop --editable --build-directory /home/clgpoulain/ros2_ws/build/my_robot_controller/build --no-deps install_data
[2.117s] running develop
[2.342s] running egg_info
[2.342s] writing my_robot_controller.egg-info/PKG-INFO
[2.343s] writing dependency_links to my_robot_controller.egg-info/dependency_links.txt
[2.343s] writing entry points to my_robot_controller.egg-info/entry_points.txt
[2.343s] writing requirements to my_robot_controller.egg-info/requires.txt
[2.343s] writing top-level names to my_robot_controller.egg-info/top_level.txt
[2.345s] reading manifest file 'my_robot_controller.egg-info/SOURCES.txt'
[2.346s] writing manifest file 'my_robot_controller.egg-info/SOURCES.txt'
[2.348s] running build_ext
[2.348s] Creating /home/clgpoulain/ros2_ws/install/my_robot_controller/lib/python3.10/site-packages/my-robot-controller.egg-link (link to .)
[2.349s] Installing my_first_trial script to /home/clgpoulain/ros2_ws/install/my_robot_controller/lib/my_robot_controller
[2.362s] Installing pose_subscriber script to /home/clgpoulain/ros2_ws/install/my_robot_controller/lib/my_robot_controller
[2.363s] Installing robot_controller script to /home/clgpoulain/ros2_ws/install/my_robot_controller/lib/my_robot_controller
[2.363s] Installing turtle_circle script to /home/clgpoulain/ros2_ws/install/my_robot_controller/lib/my_robot_controller
[2.363s] 
[2.363s] Installed /home/clgpoulain/ros2_ws/build/my_robot_controller
[2.363s] running install_data
[2.400s] Invoked command in '/home/clgpoulain/ros2_ws/build/my_robot_controller' returned '0': PYTHONPATH=/home/clgpoulain/ros2_ws/build/my_robot_controller/prefix_override:/home/clgpoulain/ros2_ws/install/my_robot_controller/lib/python3.10/site-packages:${PYTHONPATH} /usr/bin/python3 setup.py develop --editable --build-directory /home/clgpoulain/ros2_ws/build/my_robot_controller/build --no-deps install_data
