[2.406s] DEBUG:colcon:Command line arguments: ['/usr/bin/colcon', 'list', '-p', '--base-paths', '/home/clgpoulain/ros2_ws']
[2.407s] DEBUG:colcon:Parsed command line arguments: Namespace(log_base=None, log_level=None, verb_name='list', build_base='build', ignore_user_meta=False, metas=['./colcon.meta'], base_paths=['/home/clgpoulain/ros2_ws'], packages_ignore=None, packages_ignore_regex=None, paths=None, packages_up_to=None, packages_up_to_regex=None, packages_above=None, packages_above_and_dependencies=None, packages_above_depth=None, packages_select_by_dep=None, packages_skip_by_dep=None, packages_skip_up_to=None, packages_select_build_failed=False, packages_skip_build_finished=False, packages_select_test_failures=False, packages_skip_test_passed=False, packages_select=None, packages_skip=None, packages_select_regex=None, packages_skip_regex=None, packages_start=None, packages_end=None, allow_overriding=[], topological_order=False, names_only=False, paths_only=True, topological_graph=False, topological_graph_dot=False, topological_graph_density=False, topological_graph_legend=False, topological_graph_dot_cluster=False, topological_graph_dot_include_skipped=False, verb_parser=<colcon_defaults.argument_parser.defaults.DefaultArgumentsDecorator object at 0x7fdb2c3d1ab0>, verb_extension=<colcon_package_information.verb.list.ListVerb object at 0x7fdb2c3d34c0>, main=<bound method ListVerb.main of <colcon_package_information.verb.list.ListVerb object at 0x7fdb2c3d34c0>>)
[2.489s] Level 1:colcon.colcon_core.package_discovery:discover_packages(colcon_meta) check parameters
[2.489s] Level 1:colcon.colcon_core.package_discovery:discover_packages(recursive) check parameters
[2.489s] Level 1:colcon.colcon_core.package_discovery:discover_packages(ignore) check parameters
[2.489s] Level 1:colcon.colcon_core.package_discovery:discover_packages(path) check parameters
[2.489s] Level 1:colcon.colcon_core.package_discovery:discover_packages(recursive) discover
[2.489s] INFO:colcon.colcon_core.package_discovery:Crawling recursively for packages in '/home/clgpoulain/ros2_ws'
[2.489s] Level 1:colcon.colcon_core.package_identification:_identify(/home/clgpoulain/ros2_ws) by extensions ['ignore', 'ignore_ament_install']
[2.490s] Level 1:colcon.colcon_core.package_identification:_identify(/home/clgpoulain/ros2_ws) by extension 'ignore'
[2.490s] Level 1:colcon.colcon_core.package_identification:_identify(/home/clgpoulain/ros2_ws) by extension 'ignore_ament_install'
[2.490s] Level 1:colcon.colcon_core.package_identification:_identify(/home/clgpoulain/ros2_ws) by extensions ['colcon_pkg']
[2.490s] Level 1:colcon.colcon_core.package_identification:_identify(/home/clgpoulain/ros2_ws) by extension 'colcon_pkg'
[2.490s] Level 1:colcon.colcon_core.package_identification:_identify(/home/clgpoulain/ros2_ws) by extensions ['colcon_meta']
[2.491s] Level 1:colcon.colcon_core.package_identification:_identify(/home/clgpoulain/ros2_ws) by extension 'colcon_meta'
[2.491s] Level 1:colcon.colcon_core.package_identification:_identify(/home/clgpoulain/ros2_ws) by extensions ['ros']
[2.491s] Level 1:colcon.colcon_core.package_identification:_identify(/home/clgpoulain/ros2_ws) by extension 'ros'
[2.509s] Level 1:colcon.colcon_core.package_identification:_identify(/home/clgpoulain/ros2_ws) by extensions ['cmake', 'python']
[2.509s] Level 1:colcon.colcon_core.package_identification:_identify(/home/clgpoulain/ros2_ws) by extension 'cmake'
[2.509s] Level 1:colcon.colcon_core.package_identification:_identify(/home/clgpoulain/ros2_ws) by extension 'python'
[2.509s] Level 1:colcon.colcon_core.package_identification:_identify(/home/clgpoulain/ros2_ws) by extensions ['python_setup_py']
[2.510s] Level 1:colcon.colcon_core.package_identification:_identify(/home/clgpoulain/ros2_ws) by extension 'python_setup_py'
[2.510s] Level 1:colcon.colcon_core.package_identification:_identify(/home/clgpoulain/ros2_ws/build) by extensions ['ignore', 'ignore_ament_install']
[2.510s] Level 1:colcon.colcon_core.package_identification:_identify(/home/clgpoulain/ros2_ws/build) by extension 'ignore'
[2.510s] Level 1:colcon.colcon_core.package_identification:_identify(/home/clgpoulain/ros2_ws/build) ignored
[2.511s] Level 1:colcon.colcon_core.package_identification:_identify(/home/clgpoulain/ros2_ws/install) by extensions ['ignore', 'ignore_ament_install']
[2.511s] Level 1:colcon.colcon_core.package_identification:_identify(/home/clgpoulain/ros2_ws/install) by extension 'ignore'
[2.511s] Level 1:colcon.colcon_core.package_identification:_identify(/home/clgpoulain/ros2_ws/install) ignored
[2.511s] Level 1:colcon.colcon_core.package_identification:_identify(/home/clgpoulain/ros2_ws/log) by extensions ['ignore', 'ignore_ament_install']
[2.512s] Level 1:colcon.colcon_core.package_identification:_identify(/home/clgpoulain/ros2_ws/log) by extension 'ignore'
[2.512s] Level 1:colcon.colcon_core.package_identification:_identify(/home/clgpoulain/ros2_ws/log) ignored
[2.512s] Level 1:colcon.colcon_core.package_identification:_identify(/home/clgpoulain/ros2_ws/src) by extensions ['ignore', 'ignore_ament_install']
[2.512s] Level 1:colcon.colcon_core.package_identification:_identify(/home/clgpoulain/ros2_ws/src) by extension 'ignore'
[2.512s] Level 1:colcon.colcon_core.package_identification:_identify(/home/clgpoulain/ros2_ws/src) by extension 'ignore_ament_install'
[2.513s] Level 1:colcon.colcon_core.package_identification:_identify(/home/clgpoulain/ros2_ws/src) by extensions ['colcon_pkg']
[2.513s] Level 1:colcon.colcon_core.package_identification:_identify(/home/clgpoulain/ros2_ws/src) by extension 'colcon_pkg'
[2.513s] Level 1:colcon.colcon_core.package_identification:_identify(/home/clgpoulain/ros2_ws/src) by extensions ['colcon_meta']
[2.514s] Level 1:colcon.colcon_core.package_identification:_identify(/home/clgpoulain/ros2_ws/src) by extension 'colcon_meta'
[2.514s] Level 1:colcon.colcon_core.package_identification:_identify(/home/clgpoulain/ros2_ws/src) by extensions ['ros']
[2.514s] Level 1:colcon.colcon_core.package_identification:_identify(/home/clgpoulain/ros2_ws/src) by extension 'ros'
[2.515s] Level 1:colcon.colcon_core.package_identification:_identify(/home/clgpoulain/ros2_ws/src) by extensions ['cmake', 'python']
[2.515s] Level 1:colcon.colcon_core.package_identification:_identify(/home/clgpoulain/ros2_ws/src) by extension 'cmake'
[2.515s] Level 1:colcon.colcon_core.package_identification:_identify(/home/clgpoulain/ros2_ws/src) by extension 'python'
[2.515s] Level 1:colcon.colcon_core.package_identification:_identify(/home/clgpoulain/ros2_ws/src) by extensions ['python_setup_py']
[2.516s] Level 1:colcon.colcon_core.package_identification:_identify(/home/clgpoulain/ros2_ws/src) by extension 'python_setup_py'
[2.516s] Level 1:colcon.colcon_core.package_identification:_identify(/home/clgpoulain/ros2_ws/src/my_robot_controller) by extensions ['ignore', 'ignore_ament_install']
[2.516s] Level 1:colcon.colcon_core.package_identification:_identify(/home/clgpoulain/ros2_ws/src/my_robot_controller) by extension 'ignore'
[2.516s] Level 1:colcon.colcon_core.package_identification:_identify(/home/clgpoulain/ros2_ws/src/my_robot_controller) by extension 'ignore_ament_install'
[2.517s] Level 1:colcon.colcon_core.package_identification:_identify(/home/clgpoulain/ros2_ws/src/my_robot_controller) by extensions ['colcon_pkg']
[2.517s] Level 1:colcon.colcon_core.package_identification:_identify(/home/clgpoulain/ros2_ws/src/my_robot_controller) by extension 'colcon_pkg'
[2.517s] Level 1:colcon.colcon_core.package_identification:_identify(/home/clgpoulain/ros2_ws/src/my_robot_controller) by extensions ['colcon_meta']
[2.517s] Level 1:colcon.colcon_core.package_identification:_identify(/home/clgpoulain/ros2_ws/src/my_robot_controller) by extension 'colcon_meta'
[2.517s] Level 1:colcon.colcon_core.package_identification:_identify(/home/clgpoulain/ros2_ws/src/my_robot_controller) by extensions ['ros']
[2.517s] Level 1:colcon.colcon_core.package_identification:_identify(/home/clgpoulain/ros2_ws/src/my_robot_controller) by extension 'ros'
[2.521s] DEBUG:colcon.colcon_core.package_identification:Package '/home/clgpoulain/ros2_ws/src/my_robot_controller' with type 'ros.ament_python' and name 'my_robot_controller'
[2.521s] Level 1:colcon.colcon_core.package_discovery:discover_packages(recursive) using defaults
