[1.926s] Invoking command in '/home/clgpoulain/ros2_ws/build/my_robot_controller': PYTHONPATH=/home/clgpoulain/ros2_ws/build/my_robot_controller/prefix_override:/home/clgpoulain/ros2_ws/install/my_robot_controller/lib/python3.10/site-packages:${PYTHONPATH} /usr/bin/python3 setup.py develop --editable --build-directory /home/clgpoulain/ros2_ws/build/my_robot_controller/build --no-deps install_data
[2.422s] running develop
[2.720s] running egg_info
[2.720s] writing my_robot_controller.egg-info/PKG-INFO
[2.720s] writing dependency_links to my_robot_controller.egg-info/dependency_links.txt
[2.721s] writing entry points to my_robot_controller.egg-info/entry_points.txt
[2.721s] writing requirements to my_robot_controller.egg-info/requires.txt
[2.721s] writing top-level names to my_robot_controller.egg-info/top_level.txt
[2.725s] reading manifest file 'my_robot_controller.egg-info/SOURCES.txt'
[2.728s] writing manifest file 'my_robot_controller.egg-info/SOURCES.txt'
[2.730s] running build_ext
[2.730s] Creating /home/clgpoulain/ros2_ws/install/my_robot_controller/lib/python3.10/site-packages/my-robot-controller.egg-link (link to .)
[2.731s] Installing my_first_trial script to /home/clgpoulain/ros2_ws/install/my_robot_controller/lib/my_robot_controller
[2.745s] Installing pose_subscriber script to /home/clgpoulain/ros2_ws/install/my_robot_controller/lib/my_robot_controller
[2.746s] Installing robot_controller script to /home/clgpoulain/ros2_ws/install/my_robot_controller/lib/my_robot_controller
[2.746s] Installing turtle_circle script to /home/clgpoulain/ros2_ws/install/my_robot_controller/lib/my_robot_controller
[2.746s] 
[2.746s] Installed /home/clgpoulain/ros2_ws/build/my_robot_controller
[2.746s] running install_data
[2.801s] Invoked command in '/home/clgpoulain/ros2_ws/build/my_robot_controller' returned '0': PYTHONPATH=/home/clgpoulain/ros2_ws/build/my_robot_controller/prefix_override:/home/clgpoulain/ros2_ws/install/my_robot_controller/lib/python3.10/site-packages:${PYTHONPATH} /usr/bin/python3 setup.py develop --editable --build-directory /home/clgpoulain/ros2_ws/build/my_robot_controller/build --no-deps install_data
