[1.022s] Invoking command in '/home/clgpoulain/ros2_ws/build/my_robot_controller': PYTHONPATH=/home/clgpoulain/ros2_ws/build/my_robot_controller/prefix_override:/home/clgpoulain/ros2_ws/install/my_robot_controller/lib/python3.10/site-packages:${PYTHONPATH} /usr/bin/python3 setup.py develop --editable --build-directory /home/clgpoulain/ros2_ws/build/my_robot_controller/build --no-deps install_data
[1.373s] running develop
[1.597s] running egg_info
[1.597s] writing my_robot_controller.egg-info/PKG-INFO
[1.597s] writing dependency_links to my_robot_controller.egg-info/dependency_links.txt
[1.598s] writing entry points to my_robot_controller.egg-info/entry_points.txt
[1.598s] writing requirements to my_robot_controller.egg-info/requires.txt
[1.598s] writing top-level names to my_robot_controller.egg-info/top_level.txt
[1.600s] reading manifest file 'my_robot_controller.egg-info/SOURCES.txt'
[1.601s] writing manifest file 'my_robot_controller.egg-info/SOURCES.txt'
[1.602s] running build_ext
[1.603s] Creating /home/clgpoulain/ros2_ws/install/my_robot_controller/lib/python3.10/site-packages/my-robot-controller.egg-link (link to .)
[1.603s] Installing my_first_trial script to /home/clgpoulain/ros2_ws/install/my_robot_controller/lib/my_robot_controller
[1.604s] Installing pose_subscriber script to /home/clgpoulain/ros2_ws/install/my_robot_controller/lib/my_robot_controller
[1.604s] Installing robot_controller script to /home/clgpoulain/ros2_ws/install/my_robot_controller/lib/my_robot_controller
[1.604s] Installing turtle_circle script to /home/clgpoulain/ros2_ws/install/my_robot_controller/lib/my_robot_controller
[1.604s] 
[1.604s] Installed /home/clgpoulain/ros2_ws/build/my_robot_controller
[1.604s] running install_data
[1.642s] Invoked command in '/home/clgpoulain/ros2_ws/build/my_robot_controller' returned '0': PYTHONPATH=/home/clgpoulain/ros2_ws/build/my_robot_controller/prefix_override:/home/clgpoulain/ros2_ws/install/my_robot_controller/lib/python3.10/site-packages:${PYTHONPATH} /usr/bin/python3 setup.py develop --editable --build-directory /home/clgpoulain/ros2_ws/build/my_robot_controller/build --no-deps install_data
