[1.520s] DEBUG:colcon:Command line arguments: ['/usr/bin/colcon', 'build', '--symlink-install']
[1.520s] DEBUG:colcon:Parsed command line arguments: Namespace(log_base=None, log_level=None, verb_name='build', build_base='build', install_base='install', merge_install=False, symlink_install=True, test_result_base=None, continue_on_error=False, executor='parallel', parallel_workers=4, event_handlers=None, ignore_user_meta=False, metas=['./colcon.meta'], base_paths=['.'], packages_ignore=None, packages_ignore_regex=None, paths=None, packages_up_to=None, packages_up_to_regex=None, packages_above=None, packages_above_and_dependencies=None, packages_above_depth=None, packages_select_by_dep=None, packages_skip_by_dep=None, packages_skip_up_to=None, packages_select_build_failed=False, packages_skip_build_finished=False, packages_select_test_failures=False, packages_skip_test_passed=False, packages_select=None, packages_skip=None, packages_select_regex=None, packages_skip_regex=None, packages_start=None, packages_end=None, allow_overriding=[], cmake_args=None, cmake_target=None, cmake_target_skip_unavailable=False, cmake_clean_cache=False, cmake_clean_first=False, cmake_force_configure=False, ament_cmake_args=None, catkin_cmake_args=None, catkin_skip_building_tests=False, verb_parser=<colcon_defaults.argument_parser.defaults.DefaultArgumentsDecorator object at 0x74825f42bbb0>, verb_extension=<colcon_core.verb.build.BuildVerb object at 0x74825f68d870>, main=<bound method BuildVerb.main of <colcon_core.verb.build.BuildVerb object at 0x74825f68d870>>)
[1.596s] Level 1:colcon.colcon_core.package_discovery:discover_packages(colcon_meta) check parameters
[1.596s] Level 1:colcon.colcon_core.package_discovery:discover_packages(recursive) check parameters
[1.596s] Level 1:colcon.colcon_core.package_discovery:discover_packages(ignore) check parameters
[1.596s] Level 1:colcon.colcon_core.package_discovery:discover_packages(path) check parameters
[1.596s] Level 1:colcon.colcon_core.package_discovery:discover_packages(colcon_meta) discover
[1.596s] Level 1:colcon.colcon_core.package_discovery:discover_packages(recursive) discover
[1.596s] INFO:colcon.colcon_core.package_discovery:Crawling recursively for packages in '/home/clgpoulain/ros2_ws'
[1.596s] Level 1:colcon.colcon_core.package_identification:_identify(.) by extensions ['ignore', 'ignore_ament_install']
[1.596s] Level 1:colcon.colcon_core.package_identification:_identify(.) by extension 'ignore'
[1.596s] Level 1:colcon.colcon_core.package_identification:_identify(.) by extension 'ignore_ament_install'
[1.597s] Level 1:colcon.colcon_core.package_identification:_identify(.) by extensions ['colcon_pkg']
[1.597s] Level 1:colcon.colcon_core.package_identification:_identify(.) by extension 'colcon_pkg'
[1.597s] Level 1:colcon.colcon_core.package_identification:_identify(.) by extensions ['colcon_meta']
[1.597s] Level 1:colcon.colcon_core.package_identification:_identify(.) by extension 'colcon_meta'
[1.597s] Level 1:colcon.colcon_core.package_identification:_identify(.) by extensions ['ros']
[1.597s] Level 1:colcon.colcon_core.package_identification:_identify(.) by extension 'ros'
[1.611s] Level 1:colcon.colcon_core.package_identification:_identify(.) by extensions ['cmake', 'python']
[1.611s] Level 1:colcon.colcon_core.package_identification:_identify(.) by extension 'cmake'
[1.611s] Level 1:colcon.colcon_core.package_identification:_identify(.) by extension 'python'
[1.611s] Level 1:colcon.colcon_core.package_identification:_identify(.) by extensions ['python_setup_py']
[1.611s] Level 1:colcon.colcon_core.package_identification:_identify(.) by extension 'python_setup_py'
[1.611s] Level 1:colcon.colcon_core.package_identification:_identify(build) by extensions ['ignore', 'ignore_ament_install']
[1.611s] Level 1:colcon.colcon_core.package_identification:_identify(build) by extension 'ignore'
[1.611s] Level 1:colcon.colcon_core.package_identification:_identify(build) ignored
[1.611s] Level 1:colcon.colcon_core.package_identification:_identify(install) by extensions ['ignore', 'ignore_ament_install']
[1.611s] Level 1:colcon.colcon_core.package_identification:_identify(install) by extension 'ignore'
[1.612s] Level 1:colcon.colcon_core.package_identification:_identify(install) ignored
[1.612s] Level 1:colcon.colcon_core.package_identification:_identify(log) by extensions ['ignore', 'ignore_ament_install']
[1.612s] Level 1:colcon.colcon_core.package_identification:_identify(log) by extension 'ignore'
[1.612s] Level 1:colcon.colcon_core.package_identification:_identify(log) ignored
[1.612s] Level 1:colcon.colcon_core.package_identification:_identify(src) by extensions ['ignore', 'ignore_ament_install']
[1.612s] Level 1:colcon.colcon_core.package_identification:_identify(src) by extension 'ignore'
[1.612s] Level 1:colcon.colcon_core.package_identification:_identify(src) by extension 'ignore_ament_install'
[1.612s] Level 1:colcon.colcon_core.package_identification:_identify(src) by extensions ['colcon_pkg']
[1.612s] Level 1:colcon.colcon_core.package_identification:_identify(src) by extension 'colcon_pkg'
[1.612s] Level 1:colcon.colcon_core.package_identification:_identify(src) by extensions ['colcon_meta']
[1.612s] Level 1:colcon.colcon_core.package_identification:_identify(src) by extension 'colcon_meta'
[1.612s] Level 1:colcon.colcon_core.package_identification:_identify(src) by extensions ['ros']
[1.613s] Level 1:colcon.colcon_core.package_identification:_identify(src) by extension 'ros'
[1.613s] Level 1:colcon.colcon_core.package_identification:_identify(src) by extensions ['cmake', 'python']
[1.613s] Level 1:colcon.colcon_core.package_identification:_identify(src) by extension 'cmake'
[1.613s] Level 1:colcon.colcon_core.package_identification:_identify(src) by extension 'python'
[1.613s] Level 1:colcon.colcon_core.package_identification:_identify(src) by extensions ['python_setup_py']
[1.613s] Level 1:colcon.colcon_core.package_identification:_identify(src) by extension 'python_setup_py'
[1.613s] Level 1:colcon.colcon_core.package_identification:_identify(src/my_robot_bringup) by extensions ['ignore', 'ignore_ament_install']
[1.613s] Level 1:colcon.colcon_core.package_identification:_identify(src/my_robot_bringup) by extension 'ignore'
[1.613s] Level 1:colcon.colcon_core.package_identification:_identify(src/my_robot_bringup) by extension 'ignore_ament_install'
[1.613s] Level 1:colcon.colcon_core.package_identification:_identify(src/my_robot_bringup) by extensions ['colcon_pkg']
[1.613s] Level 1:colcon.colcon_core.package_identification:_identify(src/my_robot_bringup) by extension 'colcon_pkg'
[1.613s] Level 1:colcon.colcon_core.package_identification:_identify(src/my_robot_bringup) by extensions ['colcon_meta']
[1.613s] Level 1:colcon.colcon_core.package_identification:_identify(src/my_robot_bringup) by extension 'colcon_meta'
[1.613s] Level 1:colcon.colcon_core.package_identification:_identify(src/my_robot_bringup) by extensions ['ros']
[1.613s] Level 1:colcon.colcon_core.package_identification:_identify(src/my_robot_bringup) by extension 'ros'
[1.616s] DEBUG:colcon.colcon_core.package_identification:Package 'src/my_robot_bringup' with type 'ros.ament_cmake' and name 'my_robot_bringup'
[1.616s] Level 1:colcon.colcon_core.package_identification:_identify(src/my_robot_controller) by extensions ['ignore', 'ignore_ament_install']
[1.616s] Level 1:colcon.colcon_core.package_identification:_identify(src/my_robot_controller) by extension 'ignore'
[1.617s] Level 1:colcon.colcon_core.package_identification:_identify(src/my_robot_controller) by extension 'ignore_ament_install'
[1.617s] Level 1:colcon.colcon_core.package_identification:_identify(src/my_robot_controller) by extensions ['colcon_pkg']
[1.617s] Level 1:colcon.colcon_core.package_identification:_identify(src/my_robot_controller) by extension 'colcon_pkg'
[1.617s] Level 1:colcon.colcon_core.package_identification:_identify(src/my_robot_controller) by extensions ['colcon_meta']
[1.617s] Level 1:colcon.colcon_core.package_identification:_identify(src/my_robot_controller) by extension 'colcon_meta'
[1.617s] Level 1:colcon.colcon_core.package_identification:_identify(src/my_robot_controller) by extensions ['ros']
[1.617s] Level 1:colcon.colcon_core.package_identification:_identify(src/my_robot_controller) by extension 'ros'
[1.618s] DEBUG:colcon.colcon_core.package_identification:Package 'src/my_robot_controller' with type 'ros.ament_python' and name 'my_robot_controller'
[1.618s] Level 1:colcon.colcon_core.package_identification:_identify(src/my_robot_description) by extensions ['ignore', 'ignore_ament_install']
[1.618s] Level 1:colcon.colcon_core.package_identification:_identify(src/my_robot_description) by extension 'ignore'
[1.618s] Level 1:colcon.colcon_core.package_identification:_identify(src/my_robot_description) by extension 'ignore_ament_install'
[1.618s] Level 1:colcon.colcon_core.package_identification:_identify(src/my_robot_description) by extensions ['colcon_pkg']
[1.618s] Level 1:colcon.colcon_core.package_identification:_identify(src/my_robot_description) by extension 'colcon_pkg'
[1.618s] Level 1:colcon.colcon_core.package_identification:_identify(src/my_robot_description) by extensions ['colcon_meta']
[1.618s] Level 1:colcon.colcon_core.package_identification:_identify(src/my_robot_description) by extension 'colcon_meta'
[1.618s] Level 1:colcon.colcon_core.package_identification:_identify(src/my_robot_description) by extensions ['ros']
[1.618s] Level 1:colcon.colcon_core.package_identification:_identify(src/my_robot_description) by extension 'ros'
[1.619s] DEBUG:colcon.colcon_core.package_identification:Package 'src/my_robot_description' with type 'ros.ament_cmake' and name 'my_robot_description'
[1.619s] Level 1:colcon.colcon_core.package_discovery:discover_packages(recursive) using defaults
[1.619s] Level 1:colcon.colcon_core.package_discovery:discover_packages(ignore) discover
[1.619s] Level 1:colcon.colcon_core.package_discovery:discover_packages(ignore) using defaults
[1.619s] Level 1:colcon.colcon_core.package_discovery:discover_packages(path) discover
[1.619s] Level 1:colcon.colcon_core.package_discovery:discover_packages(path) using defaults
[1.765s] Level 1:colcon.colcon_core.package_discovery:discover_packages(prefix_path) check parameters
[1.766s] Level 1:colcon.colcon_core.package_discovery:discover_packages(prefix_path) discover
[1.836s] DEBUG:colcon.colcon_installed_package_information.package_discovery:Found 3 installed packages in /home/clgpoulain/ros2_ws/install
[1.859s] DEBUG:colcon.colcon_installed_package_information.package_discovery:Found 275 installed packages in /opt/ros/humble
[1.861s] Level 1:colcon.colcon_core.package_discovery:discover_packages(prefix_path) using defaults
[2.058s] Level 5:colcon.colcon_core.verb:set package 'my_robot_controller' build argument 'cmake_args' from command line to 'None'
[2.058s] Level 5:colcon.colcon_core.verb:set package 'my_robot_controller' build argument 'cmake_target' from command line to 'None'
[2.058s] Level 5:colcon.colcon_core.verb:set package 'my_robot_controller' build argument 'cmake_target_skip_unavailable' from command line to 'False'
[2.058s] Level 5:colcon.colcon_core.verb:set package 'my_robot_controller' build argument 'cmake_clean_cache' from command line to 'False'
[2.058s] Level 5:colcon.colcon_core.verb:set package 'my_robot_controller' build argument 'cmake_clean_first' from command line to 'False'
[2.058s] Level 5:colcon.colcon_core.verb:set package 'my_robot_controller' build argument 'cmake_force_configure' from command line to 'False'
[2.058s] Level 5:colcon.colcon_core.verb:set package 'my_robot_controller' build argument 'ament_cmake_args' from command line to 'None'
[2.058s] Level 5:colcon.colcon_core.verb:set package 'my_robot_controller' build argument 'catkin_cmake_args' from command line to 'None'
[2.058s] Level 5:colcon.colcon_core.verb:set package 'my_robot_controller' build argument 'catkin_skip_building_tests' from command line to 'False'
[2.058s] DEBUG:colcon.colcon_core.verb:Building package 'my_robot_controller' with the following arguments: {'ament_cmake_args': None, 'build_base': '/home/clgpoulain/ros2_ws/build/my_robot_controller', 'catkin_cmake_args': None, 'catkin_skip_building_tests': False, 'cmake_args': None, 'cmake_clean_cache': False, 'cmake_clean_first': False, 'cmake_force_configure': False, 'cmake_target': None, 'cmake_target_skip_unavailable': False, 'install_base': '/home/clgpoulain/ros2_ws/install/my_robot_controller', 'merge_install': False, 'path': '/home/clgpoulain/ros2_ws/src/my_robot_controller', 'symlink_install': True, 'test_result_base': None}
[2.079s] Level 5:colcon.colcon_core.verb:set package 'my_robot_description' build argument 'cmake_args' from command line to 'None'
[2.079s] Level 5:colcon.colcon_core.verb:set package 'my_robot_description' build argument 'cmake_target' from command line to 'None'
[2.079s] Level 5:colcon.colcon_core.verb:set package 'my_robot_description' build argument 'cmake_target_skip_unavailable' from command line to 'False'
[2.079s] Level 5:colcon.colcon_core.verb:set package 'my_robot_description' build argument 'cmake_clean_cache' from command line to 'False'
[2.079s] Level 5:colcon.colcon_core.verb:set package 'my_robot_description' build argument 'cmake_clean_first' from command line to 'False'
[2.079s] Level 5:colcon.colcon_core.verb:set package 'my_robot_description' build argument 'cmake_force_configure' from command line to 'False'
[2.079s] Level 5:colcon.colcon_core.verb:set package 'my_robot_description' build argument 'ament_cmake_args' from command line to 'None'
[2.079s] Level 5:colcon.colcon_core.verb:set package 'my_robot_description' build argument 'catkin_cmake_args' from command line to 'None'
[2.079s] Level 5:colcon.colcon_core.verb:set package 'my_robot_description' build argument 'catkin_skip_building_tests' from command line to 'False'
[2.079s] DEBUG:colcon.colcon_core.verb:Building package 'my_robot_description' with the following arguments: {'ament_cmake_args': None, 'build_base': '/home/clgpoulain/ros2_ws/build/my_robot_description', 'catkin_cmake_args': None, 'catkin_skip_building_tests': False, 'cmake_args': None, 'cmake_clean_cache': False, 'cmake_clean_first': False, 'cmake_force_configure': False, 'cmake_target': None, 'cmake_target_skip_unavailable': False, 'install_base': '/home/clgpoulain/ros2_ws/install/my_robot_description', 'merge_install': False, 'path': '/home/clgpoulain/ros2_ws/src/my_robot_description', 'symlink_install': True, 'test_result_base': None}
[2.100s] Level 5:colcon.colcon_core.verb:set package 'my_robot_bringup' build argument 'cmake_args' from command line to 'None'
[2.100s] Level 5:colcon.colcon_core.verb:set package 'my_robot_bringup' build argument 'cmake_target' from command line to 'None'
[2.100s] Level 5:colcon.colcon_core.verb:set package 'my_robot_bringup' build argument 'cmake_target_skip_unavailable' from command line to 'False'
[2.100s] Level 5:colcon.colcon_core.verb:set package 'my_robot_bringup' build argument 'cmake_clean_cache' from command line to 'False'
[2.100s] Level 5:colcon.colcon_core.verb:set package 'my_robot_bringup' build argument 'cmake_clean_first' from command line to 'False'
[2.100s] Level 5:colcon.colcon_core.verb:set package 'my_robot_bringup' build argument 'cmake_force_configure' from command line to 'False'
[2.100s] Level 5:colcon.colcon_core.verb:set package 'my_robot_bringup' build argument 'ament_cmake_args' from command line to 'None'
[2.100s] Level 5:colcon.colcon_core.verb:set package 'my_robot_bringup' build argument 'catkin_cmake_args' from command line to 'None'
[2.100s] Level 5:colcon.colcon_core.verb:set package 'my_robot_bringup' build argument 'catkin_skip_building_tests' from command line to 'False'
[2.100s] DEBUG:colcon.colcon_core.verb:Building package 'my_robot_bringup' with the following arguments: {'ament_cmake_args': None, 'build_base': '/home/clgpoulain/ros2_ws/build/my_robot_bringup', 'catkin_cmake_args': None, 'catkin_skip_building_tests': False, 'cmake_args': None, 'cmake_clean_cache': False, 'cmake_clean_first': False, 'cmake_force_configure': False, 'cmake_target': None, 'cmake_target_skip_unavailable': False, 'install_base': '/home/clgpoulain/ros2_ws/install/my_robot_bringup', 'merge_install': False, 'path': '/home/clgpoulain/ros2_ws/src/my_robot_bringup', 'symlink_install': True, 'test_result_base': None}
[2.121s] INFO:colcon.colcon_core.executor:Executing jobs using 'parallel' executor
[2.142s] DEBUG:colcon.colcon_parallel_executor.executor.parallel:run_until_complete
[2.143s] INFO:colcon.colcon_ros.task.ament_cmake.build:Building ROS package in '/home/clgpoulain/ros2_ws/src/my_robot_description' with build type 'ament_cmake'
[2.143s] INFO:colcon.colcon_cmake.task.cmake.build:Building CMake package in '/home/clgpoulain/ros2_ws/src/my_robot_description'
[2.178s] INFO:colcon.colcon_core.plugin_system:Skipping extension 'colcon_core.shell.bat': Not used on non-Windows systems
[2.179s] INFO:colcon.colcon_core.shell:Skip shell extension 'powershell' for command environment: Not usable outside of PowerShell
[2.179s] DEBUG:colcon.colcon_core.shell:Skip shell extension 'dsv' for command environment
[2.252s] INFO:colcon.colcon_ros.task.ament_python.build:Building ROS package in '/home/clgpoulain/ros2_ws/src/my_robot_controller' with build type 'ament_python'
[2.252s] Level 1:colcon.colcon_core.shell:create_environment_hook('my_robot_controller', 'ament_prefix_path')
[2.276s] INFO:colcon.colcon_core.shell:Creating environment hook '/home/clgpoulain/ros2_ws/install/my_robot_controller/share/my_robot_controller/hook/ament_prefix_path.ps1'
[2.288s] INFO:colcon.colcon_core.shell:Creating environment descriptor '/home/clgpoulain/ros2_ws/install/my_robot_controller/share/my_robot_controller/hook/ament_prefix_path.dsv'
[2.289s] INFO:colcon.colcon_core.shell:Creating environment hook '/home/clgpoulain/ros2_ws/install/my_robot_controller/share/my_robot_controller/hook/ament_prefix_path.sh'
[2.312s] INFO:colcon.colcon_core.shell:Skip shell extension 'powershell' for command environment: Not usable outside of PowerShell
[2.312s] DEBUG:colcon.colcon_core.shell:Skip shell extension 'dsv' for command environment
[2.411s] DEBUG:colcon.colcon_core.event_handler.log_command:Invoking command in '/home/clgpoulain/ros2_ws/build/my_robot_description': CMAKE_PREFIX_PATH=${CMAKE_PREFIX_PATH}:/home/clgpoulain/ros2_ws/install/my_robot_controller:/opt/ros/humble /usr/bin/cmake --build /home/clgpoulain/ros2_ws/build/my_robot_description -- -j4 -l4
[2.784s] INFO:colcon.colcon_core.task.python.build:Building Python package in '/home/clgpoulain/ros2_ws/src/my_robot_controller'
[2.817s] INFO:colcon.colcon_core.shell:Skip shell extension 'powershell' for command environment: Not usable outside of PowerShell
[2.817s] DEBUG:colcon.colcon_core.shell:Skip shell extension 'dsv' for command environment
[2.905s] DEBUG:colcon.colcon_core.event_handler.log_command:Invoked command in '/home/clgpoulain/ros2_ws/build/my_robot_description' returned '0': CMAKE_PREFIX_PATH=${CMAKE_PREFIX_PATH}:/home/clgpoulain/ros2_ws/install/my_robot_controller:/opt/ros/humble /usr/bin/cmake --build /home/clgpoulain/ros2_ws/build/my_robot_description -- -j4 -l4
[2.945s] DEBUG:colcon.colcon_core.event_handler.log_command:Invoking command in '/home/clgpoulain/ros2_ws/build/my_robot_description': CMAKE_PREFIX_PATH=${CMAKE_PREFIX_PATH}:/home/clgpoulain/ros2_ws/install/my_robot_controller:/opt/ros/humble /usr/bin/cmake --install /home/clgpoulain/ros2_ws/build/my_robot_description
[3.098s] Level 1:colcon.colcon_core.environment:create_environment_scripts_only(my_robot_description)
[3.098s] DEBUG:colcon.colcon_core.event_handler.log_command:Invoked command in '/home/clgpoulain/ros2_ws/build/my_robot_description' returned '0': CMAKE_PREFIX_PATH=${CMAKE_PREFIX_PATH}:/home/clgpoulain/ros2_ws/install/my_robot_controller:/opt/ros/humble /usr/bin/cmake --install /home/clgpoulain/ros2_ws/build/my_robot_description
[3.139s] Level 1:colcon.colcon_core.environment:checking '/home/clgpoulain/ros2_ws/install/my_robot_description' for CMake module files
[3.140s] Level 1:colcon.colcon_core.environment:checking '/home/clgpoulain/ros2_ws/install/my_robot_description' for CMake config files
[3.140s] Level 1:colcon.colcon_core.shell:create_environment_hook('my_robot_description', 'cmake_prefix_path')
[3.162s] INFO:colcon.colcon_core.shell:Creating environment hook '/home/clgpoulain/ros2_ws/install/my_robot_description/share/my_robot_description/hook/cmake_prefix_path.ps1'
[3.163s] INFO:colcon.colcon_core.shell:Creating environment descriptor '/home/clgpoulain/ros2_ws/install/my_robot_description/share/my_robot_description/hook/cmake_prefix_path.dsv'
[3.163s] INFO:colcon.colcon_core.shell:Creating environment hook '/home/clgpoulain/ros2_ws/install/my_robot_description/share/my_robot_description/hook/cmake_prefix_path.sh'
[3.164s] Level 1:colcon.colcon_core.environment:checking '/home/clgpoulain/ros2_ws/install/my_robot_description/bin'
[3.164s] Level 1:colcon.colcon_core.environment:checking '/home/clgpoulain/ros2_ws/install/my_robot_description/lib/pkgconfig/my_robot_description.pc'
[3.164s] Level 1:colcon.colcon_core.environment:checking '/home/clgpoulain/ros2_ws/install/my_robot_description/lib/python3.10/site-packages'
[3.165s] Level 1:colcon.colcon_core.environment:checking '/home/clgpoulain/ros2_ws/install/my_robot_description/bin'
[3.187s] INFO:colcon.colcon_core.shell:Creating package script '/home/clgpoulain/ros2_ws/install/my_robot_description/share/my_robot_description/package.ps1'
[3.188s] INFO:colcon.colcon_core.shell:Creating package descriptor '/home/clgpoulain/ros2_ws/install/my_robot_description/share/my_robot_description/package.dsv'
[3.218s] INFO:colcon.colcon_core.shell:Creating package script '/home/clgpoulain/ros2_ws/install/my_robot_description/share/my_robot_description/package.sh'
[3.220s] INFO:colcon.colcon_core.shell:Creating package script '/home/clgpoulain/ros2_ws/install/my_robot_description/share/my_robot_description/package.bash'
[3.221s] INFO:colcon.colcon_core.shell:Creating package script '/home/clgpoulain/ros2_ws/install/my_robot_description/share/my_robot_description/package.zsh'
[3.231s] Level 1:colcon.colcon_core.environment:create_file_with_runtime_dependencies(/home/clgpoulain/ros2_ws/install/my_robot_description/share/colcon-core/packages/my_robot_description)
[3.281s] Level 1:colcon.colcon_core.environment:create_environment_scripts_only(my_robot_description)
[3.303s] Level 1:colcon.colcon_core.environment:checking '/home/clgpoulain/ros2_ws/install/my_robot_description' for CMake module files
[3.304s] Level 1:colcon.colcon_core.environment:checking '/home/clgpoulain/ros2_ws/install/my_robot_description' for CMake config files
[3.304s] Level 1:colcon.colcon_core.shell:create_environment_hook('my_robot_description', 'cmake_prefix_path')
[3.326s] INFO:colcon.colcon_core.shell:Creating environment hook '/home/clgpoulain/ros2_ws/install/my_robot_description/share/my_robot_description/hook/cmake_prefix_path.ps1'
[3.327s] INFO:colcon.colcon_core.shell:Creating environment descriptor '/home/clgpoulain/ros2_ws/install/my_robot_description/share/my_robot_description/hook/cmake_prefix_path.dsv'
[3.327s] INFO:colcon.colcon_core.shell:Creating environment hook '/home/clgpoulain/ros2_ws/install/my_robot_description/share/my_robot_description/hook/cmake_prefix_path.sh'
[3.327s] Level 1:colcon.colcon_core.environment:checking '/home/clgpoulain/ros2_ws/install/my_robot_description/bin'
[3.328s] Level 1:colcon.colcon_core.environment:checking '/home/clgpoulain/ros2_ws/install/my_robot_description/lib/pkgconfig/my_robot_description.pc'
[3.328s] Level 1:colcon.colcon_core.environment:checking '/home/clgpoulain/ros2_ws/install/my_robot_description/lib/python3.10/site-packages'
[3.328s] Level 1:colcon.colcon_core.environment:checking '/home/clgpoulain/ros2_ws/install/my_robot_description/bin'
[3.352s] INFO:colcon.colcon_core.shell:Creating package script '/home/clgpoulain/ros2_ws/install/my_robot_description/share/my_robot_description/package.ps1'
[3.353s] INFO:colcon.colcon_core.shell:Creating package descriptor '/home/clgpoulain/ros2_ws/install/my_robot_description/share/my_robot_description/package.dsv'
[3.353s] INFO:colcon.colcon_core.shell:Creating package script '/home/clgpoulain/ros2_ws/install/my_robot_description/share/my_robot_description/package.sh'
[3.354s] INFO:colcon.colcon_core.shell:Creating package script '/home/clgpoulain/ros2_ws/install/my_robot_description/share/my_robot_description/package.bash'
[3.354s] INFO:colcon.colcon_core.shell:Creating package script '/home/clgpoulain/ros2_ws/install/my_robot_description/share/my_robot_description/package.zsh'
[3.355s] Level 1:colcon.colcon_core.environment:create_file_with_runtime_dependencies(/home/clgpoulain/ros2_ws/install/my_robot_description/share/colcon-core/packages/my_robot_description)
[3.355s] INFO:colcon.colcon_ros.task.ament_cmake.build:Building ROS package in '/home/clgpoulain/ros2_ws/src/my_robot_bringup' with build type 'ament_cmake'
[3.356s] INFO:colcon.colcon_cmake.task.cmake.build:Building CMake package in '/home/clgpoulain/ros2_ws/src/my_robot_bringup'
[3.379s] INFO:colcon.colcon_core.shell:Skip shell extension 'powershell' for command environment: Not usable outside of PowerShell
[3.379s] DEBUG:colcon.colcon_core.shell:Skip shell extension 'dsv' for command environment
[3.503s] DEBUG:colcon.colcon_core.event_handler.log_command:Invoking command in '/home/clgpoulain/ros2_ws/build/my_robot_bringup': CMAKE_PREFIX_PATH=/home/clgpoulain/ros2_ws/install/my_robot_description:/home/clgpoulain/ros2_ws/install/my_robot_bringup:/home/clgpoulain/ros2_ws/install/my_robot_controller:/opt/ros/humble /usr/bin/cmake --build /home/clgpoulain/ros2_ws/build/my_robot_bringup -- -j4 -l4
[3.574s] DEBUG:colcon.colcon_core.event_handler.log_command:Invoked command in '/home/clgpoulain/ros2_ws/build/my_robot_bringup' returned '0': CMAKE_PREFIX_PATH=/home/clgpoulain/ros2_ws/install/my_robot_description:/home/clgpoulain/ros2_ws/install/my_robot_bringup:/home/clgpoulain/ros2_ws/install/my_robot_controller:/opt/ros/humble /usr/bin/cmake --build /home/clgpoulain/ros2_ws/build/my_robot_bringup -- -j4 -l4
[3.605s] DEBUG:colcon.colcon_core.event_handler.log_command:Invoking command in '/home/clgpoulain/ros2_ws/build/my_robot_bringup': CMAKE_PREFIX_PATH=/home/clgpoulain/ros2_ws/install/my_robot_description:/home/clgpoulain/ros2_ws/install/my_robot_bringup:/home/clgpoulain/ros2_ws/install/my_robot_controller:/opt/ros/humble /usr/bin/cmake --install /home/clgpoulain/ros2_ws/build/my_robot_bringup
[3.634s] Level 1:colcon.colcon_core.environment:create_environment_scripts_only(my_robot_bringup)
[3.634s] DEBUG:colcon.colcon_core.event_handler.log_command:Invoked command in '/home/clgpoulain/ros2_ws/build/my_robot_bringup' returned '0': CMAKE_PREFIX_PATH=/home/clgpoulain/ros2_ws/install/my_robot_description:/home/clgpoulain/ros2_ws/install/my_robot_bringup:/home/clgpoulain/ros2_ws/install/my_robot_controller:/opt/ros/humble /usr/bin/cmake --install /home/clgpoulain/ros2_ws/build/my_robot_bringup
[3.657s] Level 1:colcon.colcon_core.environment:checking '/home/clgpoulain/ros2_ws/install/my_robot_bringup' for CMake module files
[3.658s] Level 1:colcon.colcon_core.environment:checking '/home/clgpoulain/ros2_ws/install/my_robot_bringup' for CMake config files
[3.658s] Level 1:colcon.colcon_core.shell:create_environment_hook('my_robot_bringup', 'cmake_prefix_path')
[3.679s] INFO:colcon.colcon_core.shell:Creating environment hook '/home/clgpoulain/ros2_ws/install/my_robot_bringup/share/my_robot_bringup/hook/cmake_prefix_path.ps1'
[3.680s] INFO:colcon.colcon_core.shell:Creating environment descriptor '/home/clgpoulain/ros2_ws/install/my_robot_bringup/share/my_robot_bringup/hook/cmake_prefix_path.dsv'
[3.680s] INFO:colcon.colcon_core.shell:Creating environment hook '/home/clgpoulain/ros2_ws/install/my_robot_bringup/share/my_robot_bringup/hook/cmake_prefix_path.sh'
[3.681s] Level 1:colcon.colcon_core.environment:checking '/home/clgpoulain/ros2_ws/install/my_robot_bringup/bin'
[3.681s] Level 1:colcon.colcon_core.environment:checking '/home/clgpoulain/ros2_ws/install/my_robot_bringup/lib/pkgconfig/my_robot_bringup.pc'
[3.681s] Level 1:colcon.colcon_core.environment:checking '/home/clgpoulain/ros2_ws/install/my_robot_bringup/lib/python3.10/site-packages'
[3.681s] Level 1:colcon.colcon_core.environment:checking '/home/clgpoulain/ros2_ws/install/my_robot_bringup/bin'
[3.703s] INFO:colcon.colcon_core.shell:Creating package script '/home/clgpoulain/ros2_ws/install/my_robot_bringup/share/my_robot_bringup/package.ps1'
[3.704s] INFO:colcon.colcon_core.shell:Creating package descriptor '/home/clgpoulain/ros2_ws/install/my_robot_bringup/share/my_robot_bringup/package.dsv'
[3.704s] INFO:colcon.colcon_core.shell:Creating package script '/home/clgpoulain/ros2_ws/install/my_robot_bringup/share/my_robot_bringup/package.sh'
[3.705s] INFO:colcon.colcon_core.shell:Creating package script '/home/clgpoulain/ros2_ws/install/my_robot_bringup/share/my_robot_bringup/package.bash'
[3.705s] INFO:colcon.colcon_core.shell:Creating package script '/home/clgpoulain/ros2_ws/install/my_robot_bringup/share/my_robot_bringup/package.zsh'
[3.705s] Level 1:colcon.colcon_core.environment:create_file_with_runtime_dependencies(/home/clgpoulain/ros2_ws/install/my_robot_bringup/share/colcon-core/packages/my_robot_bringup)
[3.738s] DEBUG:colcon.colcon_core.event_handler.log_command:Invoking command in '/home/clgpoulain/ros2_ws/build/my_robot_controller': PYTHONPATH=/home/clgpoulain/ros2_ws/build/my_robot_controller/prefix_override:/home/clgpoulain/ros2_ws/install/my_robot_controller/lib/python3.10/site-packages:${PYTHONPATH} /usr/bin/python3 setup.py develop --editable --build-directory /home/clgpoulain/ros2_ws/build/my_robot_controller/build --no-deps install_data
[3.761s] Level 1:colcon.colcon_core.environment:create_environment_scripts_only(my_robot_bringup)
[3.783s] Level 1:colcon.colcon_core.environment:checking '/home/clgpoulain/ros2_ws/install/my_robot_bringup' for CMake module files
[3.784s] Level 1:colcon.colcon_core.environment:checking '/home/clgpoulain/ros2_ws/install/my_robot_bringup' for CMake config files
[3.784s] Level 1:colcon.colcon_core.shell:create_environment_hook('my_robot_bringup', 'cmake_prefix_path')
[3.806s] INFO:colcon.colcon_core.shell:Creating environment hook '/home/clgpoulain/ros2_ws/install/my_robot_bringup/share/my_robot_bringup/hook/cmake_prefix_path.ps1'
[3.807s] INFO:colcon.colcon_core.shell:Creating environment descriptor '/home/clgpoulain/ros2_ws/install/my_robot_bringup/share/my_robot_bringup/hook/cmake_prefix_path.dsv'
[3.807s] INFO:colcon.colcon_core.shell:Creating environment hook '/home/clgpoulain/ros2_ws/install/my_robot_bringup/share/my_robot_bringup/hook/cmake_prefix_path.sh'
[3.808s] Level 1:colcon.colcon_core.environment:checking '/home/clgpoulain/ros2_ws/install/my_robot_bringup/bin'
[3.808s] Level 1:colcon.colcon_core.environment:checking '/home/clgpoulain/ros2_ws/install/my_robot_bringup/lib/pkgconfig/my_robot_bringup.pc'
[3.808s] Level 1:colcon.colcon_core.environment:checking '/home/clgpoulain/ros2_ws/install/my_robot_bringup/lib/python3.10/site-packages'
[3.809s] Level 1:colcon.colcon_core.environment:checking '/home/clgpoulain/ros2_ws/install/my_robot_bringup/bin'
[3.830s] INFO:colcon.colcon_core.shell:Creating package script '/home/clgpoulain/ros2_ws/install/my_robot_bringup/share/my_robot_bringup/package.ps1'
[3.831s] INFO:colcon.colcon_core.shell:Creating package descriptor '/home/clgpoulain/ros2_ws/install/my_robot_bringup/share/my_robot_bringup/package.dsv'
[3.832s] INFO:colcon.colcon_core.shell:Creating package script '/home/clgpoulain/ros2_ws/install/my_robot_bringup/share/my_robot_bringup/package.sh'
[3.832s] INFO:colcon.colcon_core.shell:Creating package script '/home/clgpoulain/ros2_ws/install/my_robot_bringup/share/my_robot_bringup/package.bash'
[3.833s] INFO:colcon.colcon_core.shell:Creating package script '/home/clgpoulain/ros2_ws/install/my_robot_bringup/share/my_robot_bringup/package.zsh'
[3.833s] Level 1:colcon.colcon_core.environment:create_file_with_runtime_dependencies(/home/clgpoulain/ros2_ws/install/my_robot_bringup/share/colcon-core/packages/my_robot_bringup)
[4.359s] Level 1:colcon.colcon_core.shell:create_environment_hook('my_robot_controller', 'pythonpath_develop')
[4.360s] DEBUG:colcon.colcon_core.event_handler.log_command:Invoked command in '/home/clgpoulain/ros2_ws/build/my_robot_controller' returned '0': PYTHONPATH=/home/clgpoulain/ros2_ws/build/my_robot_controller/prefix_override:/home/clgpoulain/ros2_ws/install/my_robot_controller/lib/python3.10/site-packages:${PYTHONPATH} /usr/bin/python3 setup.py develop --editable --build-directory /home/clgpoulain/ros2_ws/build/my_robot_controller/build --no-deps install_data
[4.385s] INFO:colcon.colcon_core.shell:Creating environment hook '/home/clgpoulain/ros2_ws/build/my_robot_controller/share/my_robot_controller/hook/pythonpath_develop.ps1'
[4.385s] INFO:colcon.colcon_core.shell:Creating environment descriptor '/home/clgpoulain/ros2_ws/build/my_robot_controller/share/my_robot_controller/hook/pythonpath_develop.dsv'
[4.386s] INFO:colcon.colcon_core.shell:Creating environment hook '/home/clgpoulain/ros2_ws/build/my_robot_controller/share/my_robot_controller/hook/pythonpath_develop.sh'
[4.410s] Level 1:colcon.colcon_core.environment:checking '/home/clgpoulain/ros2_ws/install/my_robot_controller' for CMake module files
[4.411s] Level 1:colcon.colcon_core.environment:checking '/home/clgpoulain/ros2_ws/install/my_robot_controller' for CMake config files
[4.412s] Level 1:colcon.colcon_core.environment:checking '/home/clgpoulain/ros2_ws/install/my_robot_controller/lib'
[4.412s] Level 1:colcon.colcon_core.environment:checking '/home/clgpoulain/ros2_ws/install/my_robot_controller/bin'
[4.412s] Level 1:colcon.colcon_core.environment:checking '/home/clgpoulain/ros2_ws/install/my_robot_controller/lib/pkgconfig/my_robot_controller.pc'
[4.412s] Level 1:colcon.colcon_core.environment:checking '/home/clgpoulain/ros2_ws/install/my_robot_controller/lib/python3.10/site-packages'
[4.412s] Level 1:colcon.colcon_core.shell:create_environment_hook('my_robot_controller', 'pythonpath')
[4.435s] INFO:colcon.colcon_core.shell:Creating environment hook '/home/clgpoulain/ros2_ws/install/my_robot_controller/share/my_robot_controller/hook/pythonpath.ps1'
[4.435s] INFO:colcon.colcon_core.shell:Creating environment descriptor '/home/clgpoulain/ros2_ws/install/my_robot_controller/share/my_robot_controller/hook/pythonpath.dsv'
[4.436s] INFO:colcon.colcon_core.shell:Creating environment hook '/home/clgpoulain/ros2_ws/install/my_robot_controller/share/my_robot_controller/hook/pythonpath.sh'
[4.436s] Level 1:colcon.colcon_core.environment:checking '/home/clgpoulain/ros2_ws/install/my_robot_controller/bin'
[4.436s] Level 1:colcon.colcon_core.environment:create_environment_scripts_only(my_robot_controller)
[4.459s] INFO:colcon.colcon_core.shell:Creating package script '/home/clgpoulain/ros2_ws/install/my_robot_controller/share/my_robot_controller/package.ps1'
[4.460s] INFO:colcon.colcon_core.shell:Creating package descriptor '/home/clgpoulain/ros2_ws/install/my_robot_controller/share/my_robot_controller/package.dsv'
[4.461s] INFO:colcon.colcon_core.shell:Creating package script '/home/clgpoulain/ros2_ws/install/my_robot_controller/share/my_robot_controller/package.sh'
[4.461s] INFO:colcon.colcon_core.shell:Creating package script '/home/clgpoulain/ros2_ws/install/my_robot_controller/share/my_robot_controller/package.bash'
[4.462s] INFO:colcon.colcon_core.shell:Creating package script '/home/clgpoulain/ros2_ws/install/my_robot_controller/share/my_robot_controller/package.zsh'
[4.462s] Level 1:colcon.colcon_core.environment:create_file_with_runtime_dependencies(/home/clgpoulain/ros2_ws/install/my_robot_controller/share/colcon-core/packages/my_robot_controller)
[4.462s] DEBUG:colcon.colcon_parallel_executor.executor.parallel:closing loop
[4.463s] DEBUG:colcon.colcon_parallel_executor.executor.parallel:loop closed
[4.463s] DEBUG:colcon.colcon_parallel_executor.executor.parallel:run_until_complete finished with '0'
[4.463s] DEBUG:colcon.colcon_core.event_reactor:joining thread
[4.510s] INFO:colcon.colcon_core.plugin_system:Skipping extension 'colcon_notification.desktop_notification.terminal_notifier': Not used on non-Darwin systems
[4.510s] INFO:colcon.colcon_core.plugin_system:Skipping extension 'colcon_notification.desktop_notification.win32': Not used on non-Windows systems
[4.510s] INFO:colcon.colcon_notification.desktop_notification:Sending desktop notification using 'notify2'
[4.535s] DEBUG:colcon.colcon_core.event_reactor:joined thread
[4.562s] INFO:colcon.colcon_core.shell:Creating prefix script '/home/clgpoulain/ros2_ws/install/local_setup.ps1'
[4.564s] INFO:colcon.colcon_core.shell:Creating prefix util module '/home/clgpoulain/ros2_ws/install/_local_setup_util_ps1.py'
[4.566s] INFO:colcon.colcon_core.shell:Creating prefix chain script '/home/clgpoulain/ros2_ws/install/setup.ps1'
[4.597s] INFO:colcon.colcon_core.shell:Creating prefix script '/home/clgpoulain/ros2_ws/install/local_setup.sh'
[4.599s] INFO:colcon.colcon_core.shell:Creating prefix util module '/home/clgpoulain/ros2_ws/install/_local_setup_util_sh.py'
[4.599s] INFO:colcon.colcon_core.shell:Creating prefix chain script '/home/clgpoulain/ros2_ws/install/setup.sh'
[4.623s] INFO:colcon.colcon_core.shell:Creating prefix script '/home/clgpoulain/ros2_ws/install/local_setup.bash'
[4.623s] INFO:colcon.colcon_core.shell:Creating prefix chain script '/home/clgpoulain/ros2_ws/install/setup.bash'
[4.646s] INFO:colcon.colcon_core.shell:Creating prefix script '/home/clgpoulain/ros2_ws/install/local_setup.zsh'
[4.647s] INFO:colcon.colcon_core.shell:Creating prefix chain script '/home/clgpoulain/ros2_ws/install/setup.zsh'
