[1.429s] Invoking command in '/home/clgpoulain/ros2_ws/src/my_robot_controller': PYTHONPATH=/home/clgpoulain/ros2_ws/build/my_robot_controller/prefix_override:/home/clgpoulain/ros2_ws/install/my_robot_controller/lib/python3.10/site-packages:${PYTHONPATH} /usr/bin/python3 setup.py egg_info --egg-base ../../build/my_robot_controller build --build-base /home/clgpoulain/ros2_ws/build/my_robot_controller/build install --record /home/clgpoulain/ros2_ws/build/my_robot_controller/install.log --single-version-externally-managed
[1.772s] running egg_info
[1.773s] creating ../../build/my_robot_controller/my_robot_controller.egg-info
[1.777s] writing ../../build/my_robot_controller/my_robot_controller.egg-info/PKG-INFO
[1.777s] writing dependency_links to ../../build/my_robot_controller/my_robot_controller.egg-info/dependency_links.txt
[1.777s] writing entry points to ../../build/my_robot_controller/my_robot_controller.egg-info/entry_points.txt
[1.778s] writing requirements to ../../build/my_robot_controller/my_robot_controller.egg-info/requires.txt
[1.778s] writing top-level names to ../../build/my_robot_controller/my_robot_controller.egg-info/top_level.txt
[1.778s] writing manifest file '../../build/my_robot_controller/my_robot_controller.egg-info/SOURCES.txt'
[1.778s] reading manifest file '../../build/my_robot_controller/my_robot_controller.egg-info/SOURCES.txt'
[1.780s] writing manifest file '../../build/my_robot_controller/my_robot_controller.egg-info/SOURCES.txt'
[1.780s] running build
[1.780s] running build_py
[1.780s] creating /home/clgpoulain/ros2_ws/build/my_robot_controller/build
[1.780s] creating /home/clgpoulain/ros2_ws/build/my_robot_controller/build/lib
[1.780s] creating /home/clgpoulain/ros2_ws/build/my_robot_controller/build/lib/my_robot_controller
[1.780s] copying my_robot_controller/__init__.py -> /home/clgpoulain/ros2_ws/build/my_robot_controller/build/lib/my_robot_controller
[1.780s] running install
[1.798s] /usr/lib/python3/dist-packages/setuptools/command/install.py:34: SetuptoolsDeprecationWarning: setup.py install is deprecated. Use build and pip and other standards-based tools.
[1.798s]   warnings.warn(
[1.798s] running install_lib
[1.799s] creating /home/clgpoulain/ros2_ws/install/my_robot_controller/lib/python3.10/site-packages/my_robot_controller
[1.800s] copying /home/clgpoulain/ros2_ws/build/my_robot_controller/build/lib/my_robot_controller/__init__.py -> /home/clgpoulain/ros2_ws/install/my_robot_controller/lib/python3.10/site-packages/my_robot_controller
[1.800s] byte-compiling /home/clgpoulain/ros2_ws/install/my_robot_controller/lib/python3.10/site-packages/my_robot_controller/__init__.py to __init__.cpython-310.pyc
[1.800s] running install_data
[1.801s] creating /home/clgpoulain/ros2_ws/install/my_robot_controller/share/ament_index
[1.801s] creating /home/clgpoulain/ros2_ws/install/my_robot_controller/share/ament_index/resource_index
[1.801s] creating /home/clgpoulain/ros2_ws/install/my_robot_controller/share/ament_index/resource_index/packages
[1.801s] copying resource/my_robot_controller -> /home/clgpoulain/ros2_ws/install/my_robot_controller/share/ament_index/resource_index/packages
[1.801s] copying package.xml -> /home/clgpoulain/ros2_ws/install/my_robot_controller/share/my_robot_controller
[1.801s] running install_egg_info
[1.803s] Copying ../../build/my_robot_controller/my_robot_controller.egg-info to /home/clgpoulain/ros2_ws/install/my_robot_controller/lib/python3.10/site-packages/my_robot_controller-0.0.0-py3.10.egg-info
[1.804s] running install_scripts
[1.835s] writing list of installed files to '/home/clgpoulain/ros2_ws/build/my_robot_controller/install.log'
[1.871s] Invoked command in '/home/clgpoulain/ros2_ws/src/my_robot_controller' returned '0': PYTHONPATH=/home/clgpoulain/ros2_ws/build/my_robot_controller/prefix_override:/home/clgpoulain/ros2_ws/install/my_robot_controller/lib/python3.10/site-packages:${PYTHONPATH} /usr/bin/python3 setup.py egg_info --egg-base ../../build/my_robot_controller build --build-base /home/clgpoulain/ros2_ws/build/my_robot_controller/build install --record /home/clgpoulain/ros2_ws/build/my_robot_controller/install.log --single-version-externally-managed
