[0.146s] Invoking command in '/home/clgpoulain/ros2_ws/build/my_robot_bringup': CMAKE_PREFIX_PATH=/home/clgpoulain/ros2_ws/install/my_robot_description:/home/clgpoulain/ros2_ws/install/my_robot_bringup:/home/clgpoulain/ros2_ws/install/my_robot_controller:/opt/ros/humble /usr/bin/cmake --build /home/clgpoulain/ros2_ws/build/my_robot_bringup -- -j4 -l4
[0.217s] Invoked command in '/home/clgpoulain/ros2_ws/build/my_robot_bringup' returned '0': CMAKE_PREFIX_PATH=/home/clgpoulain/ros2_ws/install/my_robot_description:/home/clgpoulain/ros2_ws/install/my_robot_bringup:/home/clgpoulain/ros2_ws/install/my_robot_controller:/opt/ros/humble /usr/bin/cmake --build /home/clgpoulain/ros2_ws/build/my_robot_bringup -- -j4 -l4
[0.248s] Invoking command in '/home/clgpoulain/ros2_ws/build/my_robot_bringup': CMAKE_PREFIX_PATH=/home/clgpoulain/ros2_ws/install/my_robot_description:/home/clgpoulain/ros2_ws/install/my_robot_bringup:/home/clgpoulain/ros2_ws/install/my_robot_controller:/opt/ros/humble /usr/bin/cmake --install /home/clgpoulain/ros2_ws/build/my_robot_bringup
[0.258s] -- Install configuration: ""
[0.259s] -- Execute custom install script
[0.259s] -- Up-to-date symlink: /home/clgpoulain/ros2_ws/install/my_robot_bringup/share/my_robot_bringup//launch/my_robot_gazebo.launch.xml
[0.259s] -- Up-to-date symlink: /home/clgpoulain/ros2_ws/install/my_robot_bringup/share/ament_index/resource_index/package_run_dependencies/my_robot_bringup
[0.260s] -- Up-to-date symlink: /home/clgpoulain/ros2_ws/install/my_robot_bringup/share/ament_index/resource_index/parent_prefix_path/my_robot_bringup
[0.260s] -- Up-to-date symlink: /home/clgpoulain/ros2_ws/install/my_robot_bringup/share/my_robot_bringup/environment/ament_prefix_path.sh
[0.260s] -- Up-to-date symlink: /home/clgpoulain/ros2_ws/install/my_robot_bringup/share/my_robot_bringup/environment/ament_prefix_path.dsv
[0.260s] -- Up-to-date symlink: /home/clgpoulain/ros2_ws/install/my_robot_bringup/share/my_robot_bringup/environment/path.sh
[0.261s] -- Up-to-date symlink: /home/clgpoulain/ros2_ws/install/my_robot_bringup/share/my_robot_bringup/environment/path.dsv
[0.261s] -- Up-to-date symlink: /home/clgpoulain/ros2_ws/install/my_robot_bringup/share/my_robot_bringup/local_setup.bash
[0.261s] -- Up-to-date symlink: /home/clgpoulain/ros2_ws/install/my_robot_bringup/share/my_robot_bringup/local_setup.sh
[0.261s] -- Up-to-date symlink: /home/clgpoulain/ros2_ws/install/my_robot_bringup/share/my_robot_bringup/local_setup.zsh
[0.261s] -- Up-to-date symlink: /home/clgpoulain/ros2_ws/install/my_robot_bringup/share/my_robot_bringup/local_setup.dsv
[0.262s] -- Symlinking: /home/clgpoulain/ros2_ws/install/my_robot_bringup/share/my_robot_bringup/package.dsv
[0.274s] -- Up-to-date symlink: /home/clgpoulain/ros2_ws/install/my_robot_bringup/share/ament_index/resource_index/packages/my_robot_bringup
[0.274s] -- Up-to-date symlink: /home/clgpoulain/ros2_ws/install/my_robot_bringup/share/my_robot_bringup/cmake/my_robot_bringupConfig.cmake
[0.275s] -- Up-to-date symlink: /home/clgpoulain/ros2_ws/install/my_robot_bringup/share/my_robot_bringup/cmake/my_robot_bringupConfig-version.cmake
[0.275s] -- Up-to-date symlink: /home/clgpoulain/ros2_ws/install/my_robot_bringup/share/my_robot_bringup/package.xml
[0.277s] Invoked command in '/home/clgpoulain/ros2_ws/build/my_robot_bringup' returned '0': CMAKE_PREFIX_PATH=/home/clgpoulain/ros2_ws/install/my_robot_description:/home/clgpoulain/ros2_ws/install/my_robot_bringup:/home/clgpoulain/ros2_ws/install/my_robot_controller:/opt/ros/humble /usr/bin/cmake --install /home/clgpoulain/ros2_ws/build/my_robot_bringup
