[1.729s] DEBUG:colcon:Command line arguments: ['/usr/bin/colcon', 'build']
[1.729s] DEBUG:colcon:Parsed command line arguments: Namespace(log_base=None, log_level=None, verb_name='build', build_base='build', install_base='install', merge_install=False, symlink_install=False, test_result_base=None, continue_on_error=False, executor='parallel', parallel_workers=4, event_handlers=None, ignore_user_meta=False, metas=['./colcon.meta'], base_paths=['.'], packages_ignore=None, packages_ignore_regex=None, paths=None, packages_up_to=None, packages_up_to_regex=None, packages_above=None, packages_above_and_dependencies=None, packages_above_depth=None, packages_select_by_dep=None, packages_skip_by_dep=None, packages_skip_up_to=None, packages_select_build_failed=False, packages_skip_build_finished=False, packages_select_test_failures=False, packages_skip_test_passed=False, packages_select=None, packages_skip=None, packages_select_regex=None, packages_skip_regex=None, packages_start=None, packages_end=None, allow_overriding=[], cmake_args=None, cmake_target=None, cmake_target_skip_unavailable=False, cmake_clean_cache=False, cmake_clean_first=False, cmake_force_configure=False, ament_cmake_args=None, catkin_cmake_args=None, catkin_skip_building_tests=False, verb_parser=<colcon_defaults.argument_parser.defaults.DefaultArgumentsDecorator object at 0x7c83bdd9ef50>, verb_extension=<colcon_core.verb.build.BuildVerb object at 0x7c83be09aad0>, main=<bound method BuildVerb.main of <colcon_core.verb.build.BuildVerb object at 0x7c83be09aad0>>)
[1.806s] Level 1:colcon.colcon_core.package_discovery:discover_packages(colcon_meta) check parameters
[1.806s] Level 1:colcon.colcon_core.package_discovery:discover_packages(recursive) check parameters
[1.806s] Level 1:colcon.colcon_core.package_discovery:discover_packages(ignore) check parameters
[1.806s] Level 1:colcon.colcon_core.package_discovery:discover_packages(path) check parameters
[1.806s] Level 1:colcon.colcon_core.package_discovery:discover_packages(colcon_meta) discover
[1.807s] Level 1:colcon.colcon_core.package_discovery:discover_packages(recursive) discover
[1.807s] INFO:colcon.colcon_core.package_discovery:Crawling recursively for packages in '/home/clgpoulain/ros2_ws'
[1.807s] Level 1:colcon.colcon_core.package_identification:_identify(.) by extensions ['ignore', 'ignore_ament_install']
[1.807s] Level 1:colcon.colcon_core.package_identification:_identify(.) by extension 'ignore'
[1.807s] Level 1:colcon.colcon_core.package_identification:_identify(.) by extension 'ignore_ament_install'
[1.807s] Level 1:colcon.colcon_core.package_identification:_identify(.) by extensions ['colcon_pkg']
[1.807s] Level 1:colcon.colcon_core.package_identification:_identify(.) by extension 'colcon_pkg'
[1.807s] Level 1:colcon.colcon_core.package_identification:_identify(.) by extensions ['colcon_meta']
[1.807s] Level 1:colcon.colcon_core.package_identification:_identify(.) by extension 'colcon_meta'
[1.807s] Level 1:colcon.colcon_core.package_identification:_identify(.) by extensions ['ros']
[1.807s] Level 1:colcon.colcon_core.package_identification:_identify(.) by extension 'ros'
[1.824s] Level 1:colcon.colcon_core.package_identification:_identify(.) by extensions ['cmake', 'python']
[1.825s] Level 1:colcon.colcon_core.package_identification:_identify(.) by extension 'cmake'
[1.825s] Level 1:colcon.colcon_core.package_identification:_identify(.) by extension 'python'
[1.825s] Level 1:colcon.colcon_core.package_identification:_identify(.) by extensions ['python_setup_py']
[1.825s] Level 1:colcon.colcon_core.package_identification:_identify(.) by extension 'python_setup_py'
[1.826s] Level 1:colcon.colcon_core.package_identification:_identify(build) by extensions ['ignore', 'ignore_ament_install']
[1.826s] Level 1:colcon.colcon_core.package_identification:_identify(build) by extension 'ignore'
[1.826s] Level 1:colcon.colcon_core.package_identification:_identify(build) ignored
[1.827s] Level 1:colcon.colcon_core.package_identification:_identify(install) by extensions ['ignore', 'ignore_ament_install']
[1.827s] Level 1:colcon.colcon_core.package_identification:_identify(install) by extension 'ignore'
[1.827s] Level 1:colcon.colcon_core.package_identification:_identify(install) ignored
[1.828s] Level 1:colcon.colcon_core.package_identification:_identify(log) by extensions ['ignore', 'ignore_ament_install']
[1.828s] Level 1:colcon.colcon_core.package_identification:_identify(log) by extension 'ignore'
[1.828s] Level 1:colcon.colcon_core.package_identification:_identify(log) ignored
[1.829s] Level 1:colcon.colcon_core.package_identification:_identify(src) by extensions ['ignore', 'ignore_ament_install']
[1.829s] Level 1:colcon.colcon_core.package_identification:_identify(src) by extension 'ignore'
[1.829s] Level 1:colcon.colcon_core.package_identification:_identify(src) by extension 'ignore_ament_install'
[1.830s] Level 1:colcon.colcon_core.package_identification:_identify(src) by extensions ['colcon_pkg']
[1.830s] Level 1:colcon.colcon_core.package_identification:_identify(src) by extension 'colcon_pkg'
[1.830s] Level 1:colcon.colcon_core.package_identification:_identify(src) by extensions ['colcon_meta']
[1.830s] Level 1:colcon.colcon_core.package_identification:_identify(src) by extension 'colcon_meta'
[1.830s] Level 1:colcon.colcon_core.package_identification:_identify(src) by extensions ['ros']
[1.830s] Level 1:colcon.colcon_core.package_identification:_identify(src) by extension 'ros'
[1.830s] Level 1:colcon.colcon_core.package_identification:_identify(src) by extensions ['cmake', 'python']
[1.830s] Level 1:colcon.colcon_core.package_identification:_identify(src) by extension 'cmake'
[1.830s] Level 1:colcon.colcon_core.package_identification:_identify(src) by extension 'python'
[1.830s] Level 1:colcon.colcon_core.package_identification:_identify(src) by extensions ['python_setup_py']
[1.830s] Level 1:colcon.colcon_core.package_identification:_identify(src) by extension 'python_setup_py'
[1.831s] Level 1:colcon.colcon_core.package_identification:_identify(src/my_robot_controller) by extensions ['ignore', 'ignore_ament_install']
[1.831s] Level 1:colcon.colcon_core.package_identification:_identify(src/my_robot_controller) by extension 'ignore'
[1.831s] Level 1:colcon.colcon_core.package_identification:_identify(src/my_robot_controller) by extension 'ignore_ament_install'
[1.831s] Level 1:colcon.colcon_core.package_identification:_identify(src/my_robot_controller) by extensions ['colcon_pkg']
[1.831s] Level 1:colcon.colcon_core.package_identification:_identify(src/my_robot_controller) by extension 'colcon_pkg'
[1.831s] Level 1:colcon.colcon_core.package_identification:_identify(src/my_robot_controller) by extensions ['colcon_meta']
[1.831s] Level 1:colcon.colcon_core.package_identification:_identify(src/my_robot_controller) by extension 'colcon_meta'
[1.831s] Level 1:colcon.colcon_core.package_identification:_identify(src/my_robot_controller) by extensions ['ros']
[1.831s] Level 1:colcon.colcon_core.package_identification:_identify(src/my_robot_controller) by extension 'ros'
[1.834s] DEBUG:colcon.colcon_core.package_identification:Package 'src/my_robot_controller' with type 'ros.ament_python' and name 'my_robot_controller'
[1.834s] Level 1:colcon.colcon_core.package_identification:_identify(src/my_robot_description) by extensions ['ignore', 'ignore_ament_install']
[1.835s] Level 1:colcon.colcon_core.package_identification:_identify(src/my_robot_description) by extension 'ignore'
[1.835s] Level 1:colcon.colcon_core.package_identification:_identify(src/my_robot_description) by extension 'ignore_ament_install'
[1.835s] Level 1:colcon.colcon_core.package_identification:_identify(src/my_robot_description) by extensions ['colcon_pkg']
[1.835s] Level 1:colcon.colcon_core.package_identification:_identify(src/my_robot_description) by extension 'colcon_pkg'
[1.835s] Level 1:colcon.colcon_core.package_identification:_identify(src/my_robot_description) by extensions ['colcon_meta']
[1.835s] Level 1:colcon.colcon_core.package_identification:_identify(src/my_robot_description) by extension 'colcon_meta'
[1.835s] Level 1:colcon.colcon_core.package_identification:_identify(src/my_robot_description) by extensions ['ros']
[1.835s] Level 1:colcon.colcon_core.package_identification:_identify(src/my_robot_description) by extension 'ros'
[1.835s] DEBUG:colcon.colcon_core.package_identification:Package 'src/my_robot_description' with type 'ros.ament_cmake' and name 'my_robot_description'
[1.836s] Level 1:colcon.colcon_core.package_discovery:discover_packages(recursive) using defaults
[1.836s] Level 1:colcon.colcon_core.package_discovery:discover_packages(ignore) discover
[1.836s] Level 1:colcon.colcon_core.package_discovery:discover_packages(ignore) using defaults
[1.836s] Level 1:colcon.colcon_core.package_discovery:discover_packages(path) discover
[1.836s] Level 1:colcon.colcon_core.package_discovery:discover_packages(path) using defaults
[1.986s] Level 1:colcon.colcon_core.package_discovery:discover_packages(prefix_path) check parameters
[1.986s] Level 1:colcon.colcon_core.package_discovery:discover_packages(prefix_path) discover
[2.038s] DEBUG:colcon.colcon_installed_package_information.package_discovery:Found 2 installed packages in /home/clgpoulain/ros2_ws/install
[2.065s] DEBUG:colcon.colcon_installed_package_information.package_discovery:Found 275 installed packages in /opt/ros/humble
[2.067s] Level 1:colcon.colcon_core.package_discovery:discover_packages(prefix_path) using defaults
[2.237s] Level 5:colcon.colcon_core.verb:set package 'my_robot_controller' build argument 'cmake_args' from command line to 'None'
[2.237s] Level 5:colcon.colcon_core.verb:set package 'my_robot_controller' build argument 'cmake_target' from command line to 'None'
[2.237s] Level 5:colcon.colcon_core.verb:set package 'my_robot_controller' build argument 'cmake_target_skip_unavailable' from command line to 'False'
[2.238s] Level 5:colcon.colcon_core.verb:set package 'my_robot_controller' build argument 'cmake_clean_cache' from command line to 'False'
[2.238s] Level 5:colcon.colcon_core.verb:set package 'my_robot_controller' build argument 'cmake_clean_first' from command line to 'False'
[2.238s] Level 5:colcon.colcon_core.verb:set package 'my_robot_controller' build argument 'cmake_force_configure' from command line to 'False'
[2.238s] Level 5:colcon.colcon_core.verb:set package 'my_robot_controller' build argument 'ament_cmake_args' from command line to 'None'
[2.238s] Level 5:colcon.colcon_core.verb:set package 'my_robot_controller' build argument 'catkin_cmake_args' from command line to 'None'
[2.238s] Level 5:colcon.colcon_core.verb:set package 'my_robot_controller' build argument 'catkin_skip_building_tests' from command line to 'False'
[2.238s] DEBUG:colcon.colcon_core.verb:Building package 'my_robot_controller' with the following arguments: {'ament_cmake_args': None, 'build_base': '/home/clgpoulain/ros2_ws/build/my_robot_controller', 'catkin_cmake_args': None, 'catkin_skip_building_tests': False, 'cmake_args': None, 'cmake_clean_cache': False, 'cmake_clean_first': False, 'cmake_force_configure': False, 'cmake_target': None, 'cmake_target_skip_unavailable': False, 'install_base': '/home/clgpoulain/ros2_ws/install/my_robot_controller', 'merge_install': False, 'path': '/home/clgpoulain/ros2_ws/src/my_robot_controller', 'symlink_install': False, 'test_result_base': None}
[2.264s] Level 5:colcon.colcon_core.verb:set package 'my_robot_description' build argument 'cmake_args' from command line to 'None'
[2.264s] Level 5:colcon.colcon_core.verb:set package 'my_robot_description' build argument 'cmake_target' from command line to 'None'
[2.264s] Level 5:colcon.colcon_core.verb:set package 'my_robot_description' build argument 'cmake_target_skip_unavailable' from command line to 'False'
[2.264s] Level 5:colcon.colcon_core.verb:set package 'my_robot_description' build argument 'cmake_clean_cache' from command line to 'False'
[2.264s] Level 5:colcon.colcon_core.verb:set package 'my_robot_description' build argument 'cmake_clean_first' from command line to 'False'
[2.264s] Level 5:colcon.colcon_core.verb:set package 'my_robot_description' build argument 'cmake_force_configure' from command line to 'False'
[2.264s] Level 5:colcon.colcon_core.verb:set package 'my_robot_description' build argument 'ament_cmake_args' from command line to 'None'
[2.264s] Level 5:colcon.colcon_core.verb:set package 'my_robot_description' build argument 'catkin_cmake_args' from command line to 'None'
[2.264s] Level 5:colcon.colcon_core.verb:set package 'my_robot_description' build argument 'catkin_skip_building_tests' from command line to 'False'
[2.264s] DEBUG:colcon.colcon_core.verb:Building package 'my_robot_description' with the following arguments: {'ament_cmake_args': None, 'build_base': '/home/clgpoulain/ros2_ws/build/my_robot_description', 'catkin_cmake_args': None, 'catkin_skip_building_tests': False, 'cmake_args': None, 'cmake_clean_cache': False, 'cmake_clean_first': False, 'cmake_force_configure': False, 'cmake_target': None, 'cmake_target_skip_unavailable': False, 'install_base': '/home/clgpoulain/ros2_ws/install/my_robot_description', 'merge_install': False, 'path': '/home/clgpoulain/ros2_ws/src/my_robot_description', 'symlink_install': False, 'test_result_base': None}
[2.287s] INFO:colcon.colcon_core.executor:Executing jobs using 'parallel' executor
[2.314s] DEBUG:colcon.colcon_parallel_executor.executor.parallel:run_until_complete
[2.314s] INFO:colcon.colcon_ros.task.ament_python.build:Building ROS package in '/home/clgpoulain/ros2_ws/src/my_robot_controller' with build type 'ament_python'
[2.315s] Level 1:colcon.colcon_core.shell:create_environment_hook('my_robot_controller', 'ament_prefix_path')
[2.342s] INFO:colcon.colcon_core.plugin_system:Skipping extension 'colcon_core.shell.bat': Not used on non-Windows systems
[2.343s] INFO:colcon.colcon_core.shell:Creating environment hook '/home/clgpoulain/ros2_ws/install/my_robot_controller/share/my_robot_controller/hook/ament_prefix_path.ps1'
[2.346s] INFO:colcon.colcon_core.shell:Creating environment descriptor '/home/clgpoulain/ros2_ws/install/my_robot_controller/share/my_robot_controller/hook/ament_prefix_path.dsv'
[2.349s] INFO:colcon.colcon_core.shell:Creating environment hook '/home/clgpoulain/ros2_ws/install/my_robot_controller/share/my_robot_controller/hook/ament_prefix_path.sh'
[2.377s] INFO:colcon.colcon_core.shell:Skip shell extension 'powershell' for command environment: Not usable outside of PowerShell
[2.377s] DEBUG:colcon.colcon_core.shell:Skip shell extension 'dsv' for command environment
[2.463s] INFO:colcon.colcon_ros.task.ament_cmake.build:Building ROS package in '/home/clgpoulain/ros2_ws/src/my_robot_description' with build type 'ament_cmake'
[2.464s] INFO:colcon.colcon_cmake.task.cmake.build:Building CMake package in '/home/clgpoulain/ros2_ws/src/my_robot_description'
[2.491s] INFO:colcon.colcon_core.shell:Skip shell extension 'powershell' for command environment: Not usable outside of PowerShell
[2.491s] DEBUG:colcon.colcon_core.shell:Skip shell extension 'dsv' for command environment
[3.055s] INFO:colcon.colcon_core.task.python.build:Building Python package in '/home/clgpoulain/ros2_ws/src/my_robot_controller'
[3.083s] INFO:colcon.colcon_core.shell:Skip shell extension 'powershell' for command environment: Not usable outside of PowerShell
[3.083s] DEBUG:colcon.colcon_core.shell:Skip shell extension 'dsv' for command environment
[3.173s] DEBUG:colcon.colcon_core.event_handler.log_command:Invoking command in '/home/clgpoulain/ros2_ws/build/my_robot_description': CMAKE_PREFIX_PATH=${CMAKE_PREFIX_PATH}:/home/clgpoulain/ros2_ws/install/my_robot_controller:/opt/ros/humble /usr/bin/cmake --build /home/clgpoulain/ros2_ws/build/my_robot_description -- -j4 -l4
[3.237s] DEBUG:colcon.colcon_core.event_handler.log_command:Invoked command in '/home/clgpoulain/ros2_ws/build/my_robot_description' returned '0': CMAKE_PREFIX_PATH=${CMAKE_PREFIX_PATH}:/home/clgpoulain/ros2_ws/install/my_robot_controller:/opt/ros/humble /usr/bin/cmake --build /home/clgpoulain/ros2_ws/build/my_robot_description -- -j4 -l4
[3.287s] DEBUG:colcon.colcon_core.event_handler.log_command:Invoking command in '/home/clgpoulain/ros2_ws/build/my_robot_description': CMAKE_PREFIX_PATH=${CMAKE_PREFIX_PATH}:/home/clgpoulain/ros2_ws/install/my_robot_controller:/opt/ros/humble /usr/bin/cmake --install /home/clgpoulain/ros2_ws/build/my_robot_description
[3.307s] Level 1:colcon.colcon_core.environment:create_environment_scripts_only(my_robot_description)
[3.319s] DEBUG:colcon.colcon_core.event_handler.log_command:Invoked command in '/home/clgpoulain/ros2_ws/build/my_robot_description' returned '0': CMAKE_PREFIX_PATH=${CMAKE_PREFIX_PATH}:/home/clgpoulain/ros2_ws/install/my_robot_controller:/opt/ros/humble /usr/bin/cmake --install /home/clgpoulain/ros2_ws/build/my_robot_description
[3.339s] Level 1:colcon.colcon_core.environment:checking '/home/clgpoulain/ros2_ws/install/my_robot_description' for CMake module files
[3.340s] Level 1:colcon.colcon_core.environment:checking '/home/clgpoulain/ros2_ws/install/my_robot_description' for CMake config files
[3.340s] Level 1:colcon.colcon_core.shell:create_environment_hook('my_robot_description', 'cmake_prefix_path')
[3.368s] INFO:colcon.colcon_core.shell:Creating environment hook '/home/clgpoulain/ros2_ws/install/my_robot_description/share/my_robot_description/hook/cmake_prefix_path.ps1'
[3.368s] INFO:colcon.colcon_core.shell:Creating environment descriptor '/home/clgpoulain/ros2_ws/install/my_robot_description/share/my_robot_description/hook/cmake_prefix_path.dsv'
[3.369s] INFO:colcon.colcon_core.shell:Creating environment hook '/home/clgpoulain/ros2_ws/install/my_robot_description/share/my_robot_description/hook/cmake_prefix_path.sh'
[3.369s] Level 1:colcon.colcon_core.environment:checking '/home/clgpoulain/ros2_ws/install/my_robot_description/bin'
[3.370s] Level 1:colcon.colcon_core.environment:checking '/home/clgpoulain/ros2_ws/install/my_robot_description/lib/pkgconfig/my_robot_description.pc'
[3.370s] Level 1:colcon.colcon_core.environment:checking '/home/clgpoulain/ros2_ws/install/my_robot_description/lib/python3.10/site-packages'
[3.370s] Level 1:colcon.colcon_core.environment:checking '/home/clgpoulain/ros2_ws/install/my_robot_description/bin'
[3.398s] INFO:colcon.colcon_core.shell:Creating package script '/home/clgpoulain/ros2_ws/install/my_robot_description/share/my_robot_description/package.ps1'
[3.399s] INFO:colcon.colcon_core.shell:Creating package descriptor '/home/clgpoulain/ros2_ws/install/my_robot_description/share/my_robot_description/package.dsv'
[3.400s] INFO:colcon.colcon_core.shell:Creating package script '/home/clgpoulain/ros2_ws/install/my_robot_description/share/my_robot_description/package.sh'
[3.401s] INFO:colcon.colcon_core.shell:Creating package script '/home/clgpoulain/ros2_ws/install/my_robot_description/share/my_robot_description/package.bash'
[3.401s] INFO:colcon.colcon_core.shell:Creating package script '/home/clgpoulain/ros2_ws/install/my_robot_description/share/my_robot_description/package.zsh'
[3.402s] Level 1:colcon.colcon_core.environment:create_file_with_runtime_dependencies(/home/clgpoulain/ros2_ws/install/my_robot_description/share/colcon-core/packages/my_robot_description)
[3.459s] Level 1:colcon.colcon_core.environment:create_environment_scripts_only(my_robot_description)
[3.484s] Level 1:colcon.colcon_core.environment:checking '/home/clgpoulain/ros2_ws/install/my_robot_description' for CMake module files
[3.484s] Level 1:colcon.colcon_core.environment:checking '/home/clgpoulain/ros2_ws/install/my_robot_description' for CMake config files
[3.485s] Level 1:colcon.colcon_core.shell:create_environment_hook('my_robot_description', 'cmake_prefix_path')
[3.512s] INFO:colcon.colcon_core.shell:Creating environment hook '/home/clgpoulain/ros2_ws/install/my_robot_description/share/my_robot_description/hook/cmake_prefix_path.ps1'
[3.512s] INFO:colcon.colcon_core.shell:Creating environment descriptor '/home/clgpoulain/ros2_ws/install/my_robot_description/share/my_robot_description/hook/cmake_prefix_path.dsv'
[3.513s] INFO:colcon.colcon_core.shell:Creating environment hook '/home/clgpoulain/ros2_ws/install/my_robot_description/share/my_robot_description/hook/cmake_prefix_path.sh'
[3.514s] Level 1:colcon.colcon_core.environment:checking '/home/clgpoulain/ros2_ws/install/my_robot_description/bin'
[3.514s] Level 1:colcon.colcon_core.environment:checking '/home/clgpoulain/ros2_ws/install/my_robot_description/lib/pkgconfig/my_robot_description.pc'
[3.514s] Level 1:colcon.colcon_core.environment:checking '/home/clgpoulain/ros2_ws/install/my_robot_description/lib/python3.10/site-packages'
[3.514s] Level 1:colcon.colcon_core.environment:checking '/home/clgpoulain/ros2_ws/install/my_robot_description/bin'
[3.541s] INFO:colcon.colcon_core.shell:Creating package script '/home/clgpoulain/ros2_ws/install/my_robot_description/share/my_robot_description/package.ps1'
[3.542s] INFO:colcon.colcon_core.shell:Creating package descriptor '/home/clgpoulain/ros2_ws/install/my_robot_description/share/my_robot_description/package.dsv'
[3.543s] INFO:colcon.colcon_core.shell:Creating package script '/home/clgpoulain/ros2_ws/install/my_robot_description/share/my_robot_description/package.sh'
[3.544s] INFO:colcon.colcon_core.shell:Creating package script '/home/clgpoulain/ros2_ws/install/my_robot_description/share/my_robot_description/package.bash'
[3.546s] INFO:colcon.colcon_core.shell:Creating package script '/home/clgpoulain/ros2_ws/install/my_robot_description/share/my_robot_description/package.zsh'
[3.546s] Level 1:colcon.colcon_core.environment:create_file_with_runtime_dependencies(/home/clgpoulain/ros2_ws/install/my_robot_description/share/colcon-core/packages/my_robot_description)
[3.758s] DEBUG:colcon.colcon_core.event_handler.log_command:Invoking command in '/home/clgpoulain/ros2_ws/src/my_robot_controller': PYTHONPATH=/home/clgpoulain/ros2_ws/build/my_robot_controller/prefix_override:/home/clgpoulain/ros2_ws/install/my_robot_controller/lib/python3.10/site-packages:${PYTHONPATH} /usr/bin/python3 setup.py egg_info --egg-base ../../build/my_robot_controller build --build-base /home/clgpoulain/ros2_ws/build/my_robot_controller/build install --record /home/clgpoulain/ros2_ws/build/my_robot_controller/install.log --single-version-externally-managed
[4.270s] DEBUG:colcon.colcon_core.event_handler.log_command:Invoked command in '/home/clgpoulain/ros2_ws/src/my_robot_controller' returned '0': PYTHONPATH=/home/clgpoulain/ros2_ws/build/my_robot_controller/prefix_override:/home/clgpoulain/ros2_ws/install/my_robot_controller/lib/python3.10/site-packages:${PYTHONPATH} /usr/bin/python3 setup.py egg_info --egg-base ../../build/my_robot_controller build --build-base /home/clgpoulain/ros2_ws/build/my_robot_controller/build install --record /home/clgpoulain/ros2_ws/build/my_robot_controller/install.log --single-version-externally-managed
[4.297s] Level 1:colcon.colcon_core.environment:checking '/home/clgpoulain/ros2_ws/install/my_robot_controller' for CMake module files
[4.298s] Level 1:colcon.colcon_core.environment:checking '/home/clgpoulain/ros2_ws/install/my_robot_controller' for CMake config files
[4.299s] Level 1:colcon.colcon_core.environment:checking '/home/clgpoulain/ros2_ws/install/my_robot_controller/lib'
[4.300s] Level 1:colcon.colcon_core.environment:checking '/home/clgpoulain/ros2_ws/install/my_robot_controller/bin'
[4.300s] Level 1:colcon.colcon_core.environment:checking '/home/clgpoulain/ros2_ws/install/my_robot_controller/lib/pkgconfig/my_robot_controller.pc'
[4.300s] Level 1:colcon.colcon_core.environment:checking '/home/clgpoulain/ros2_ws/install/my_robot_controller/lib/python3.10/site-packages'
[4.300s] Level 1:colcon.colcon_core.shell:create_environment_hook('my_robot_controller', 'pythonpath')
[4.327s] INFO:colcon.colcon_core.shell:Creating environment hook '/home/clgpoulain/ros2_ws/install/my_robot_controller/share/my_robot_controller/hook/pythonpath.ps1'
[4.330s] INFO:colcon.colcon_core.shell:Creating environment descriptor '/home/clgpoulain/ros2_ws/install/my_robot_controller/share/my_robot_controller/hook/pythonpath.dsv'
[4.331s] INFO:colcon.colcon_core.shell:Creating environment hook '/home/clgpoulain/ros2_ws/install/my_robot_controller/share/my_robot_controller/hook/pythonpath.sh'
[4.332s] Level 1:colcon.colcon_core.environment:checking '/home/clgpoulain/ros2_ws/install/my_robot_controller/bin'
[4.332s] Level 1:colcon.colcon_core.environment:create_environment_scripts_only(my_robot_controller)
[4.355s] INFO:colcon.colcon_core.shell:Creating package script '/home/clgpoulain/ros2_ws/install/my_robot_controller/share/my_robot_controller/package.ps1'
[4.356s] INFO:colcon.colcon_core.shell:Creating package descriptor '/home/clgpoulain/ros2_ws/install/my_robot_controller/share/my_robot_controller/package.dsv'
[4.357s] INFO:colcon.colcon_core.shell:Creating package script '/home/clgpoulain/ros2_ws/install/my_robot_controller/share/my_robot_controller/package.sh'
[4.358s] INFO:colcon.colcon_core.shell:Creating package script '/home/clgpoulain/ros2_ws/install/my_robot_controller/share/my_robot_controller/package.bash'
[4.359s] INFO:colcon.colcon_core.shell:Creating package script '/home/clgpoulain/ros2_ws/install/my_robot_controller/share/my_robot_controller/package.zsh'
[4.361s] Level 1:colcon.colcon_core.environment:create_file_with_runtime_dependencies(/home/clgpoulain/ros2_ws/install/my_robot_controller/share/colcon-core/packages/my_robot_controller)
[4.363s] DEBUG:colcon.colcon_parallel_executor.executor.parallel:closing loop
[4.364s] DEBUG:colcon.colcon_parallel_executor.executor.parallel:loop closed
[4.364s] DEBUG:colcon.colcon_parallel_executor.executor.parallel:run_until_complete finished with '0'
[4.364s] DEBUG:colcon.colcon_core.event_reactor:joining thread
[4.400s] INFO:colcon.colcon_core.plugin_system:Skipping extension 'colcon_notification.desktop_notification.terminal_notifier': Not used on non-Darwin systems
[4.400s] INFO:colcon.colcon_core.plugin_system:Skipping extension 'colcon_notification.desktop_notification.win32': Not used on non-Windows systems
[4.400s] INFO:colcon.colcon_notification.desktop_notification:Sending desktop notification using 'notify2'
[4.420s] DEBUG:colcon.colcon_core.event_reactor:joined thread
[4.448s] INFO:colcon.colcon_core.shell:Creating prefix script '/home/clgpoulain/ros2_ws/install/local_setup.ps1'
[4.450s] INFO:colcon.colcon_core.shell:Creating prefix util module '/home/clgpoulain/ros2_ws/install/_local_setup_util_ps1.py'
[4.452s] INFO:colcon.colcon_core.shell:Creating prefix chain script '/home/clgpoulain/ros2_ws/install/setup.ps1'
[4.488s] INFO:colcon.colcon_core.shell:Creating prefix script '/home/clgpoulain/ros2_ws/install/local_setup.sh'
[4.490s] INFO:colcon.colcon_core.shell:Creating prefix util module '/home/clgpoulain/ros2_ws/install/_local_setup_util_sh.py'
[4.490s] INFO:colcon.colcon_core.shell:Creating prefix chain script '/home/clgpoulain/ros2_ws/install/setup.sh'
[4.525s] INFO:colcon.colcon_core.shell:Creating prefix script '/home/clgpoulain/ros2_ws/install/local_setup.bash'
[4.526s] INFO:colcon.colcon_core.shell:Creating prefix chain script '/home/clgpoulain/ros2_ws/install/setup.bash'
[4.554s] INFO:colcon.colcon_core.shell:Creating prefix script '/home/clgpoulain/ros2_ws/install/local_setup.zsh'
[4.557s] INFO:colcon.colcon_core.shell:Creating prefix chain script '/home/clgpoulain/ros2_ws/install/setup.zsh'
