[0.358s] Invoking command in '/home/clgpoulain/ros2_ws/build/my_robot_description': CMAKE_PREFIX_PATH=${CMAKE_PREFIX_PATH}:/home/clgpoulain/ros2_ws/install/my_robot_controller:/opt/ros/humble /usr/bin/cmake --build /home/clgpoulain/ros2_ws/build/my_robot_description -- -j4 -l4
[0.975s] Invoked command in '/home/clgpoulain/ros2_ws/build/my_robot_description' returned '0': CMAKE_PREFIX_PATH=${CMAKE_PREFIX_PATH}:/home/clgpoulain/ros2_ws/install/my_robot_controller:/opt/ros/humble /usr/bin/cmake --build /home/clgpoulain/ros2_ws/build/my_robot_description -- -j4 -l4
[1.047s] Invoking command in '/home/clgpoulain/ros2_ws/build/my_robot_description': CMAKE_PREFIX_PATH=${CMAKE_PREFIX_PATH}:/home/clgpoulain/ros2_ws/install/my_robot_controller:/opt/ros/humble /usr/bin/cmake --install /home/clgpoulain/ros2_ws/build/my_robot_description
[1.059s] -- Install configuration: ""
[1.089s] -- Execute custom install script
[1.089s] -- Up-to-date symlink: /home/clgpoulain/ros2_ws/install/my_robot_description/share/my_robot_description//urdf/mobile_base.xacro
[1.090s] -- Symlinking: /home/clgpoulain/ros2_ws/install/my_robot_description/share/my_robot_description//urdf/mobile_gazebo.xacro
[1.104s] -- Up-to-date symlink: /home/clgpoulain/ros2_ws/install/my_robot_description/share/my_robot_description//urdf/my_robot.urdf.xacro
[1.104s] -- Up-to-date symlink: /home/clgpoulain/ros2_ws/install/my_robot_description/share/my_robot_description//urdf/properties.xacro
[1.104s] -- Up-to-date symlink: /home/clgpoulain/ros2_ws/install/my_robot_description/share/my_robot_description//launch/display.launch.xml
[1.105s] -- Up-to-date symlink: /home/clgpoulain/ros2_ws/install/my_robot_description/share/my_robot_description//rviz/my_robot.rviz
[1.105s] -- Up-to-date symlink: /home/clgpoulain/ros2_ws/install/my_robot_description/share/ament_index/resource_index/package_run_dependencies/my_robot_description
[1.106s] -- Up-to-date symlink: /home/clgpoulain/ros2_ws/install/my_robot_description/share/ament_index/resource_index/parent_prefix_path/my_robot_description
[1.106s] -- Up-to-date symlink: /home/clgpoulain/ros2_ws/install/my_robot_description/share/my_robot_description/environment/ament_prefix_path.sh
[1.106s] -- Up-to-date symlink: /home/clgpoulain/ros2_ws/install/my_robot_description/share/my_robot_description/environment/ament_prefix_path.dsv
[1.107s] -- Up-to-date symlink: /home/clgpoulain/ros2_ws/install/my_robot_description/share/my_robot_description/environment/path.sh
[1.107s] -- Up-to-date symlink: /home/clgpoulain/ros2_ws/install/my_robot_description/share/my_robot_description/environment/path.dsv
[1.107s] -- Up-to-date symlink: /home/clgpoulain/ros2_ws/install/my_robot_description/share/my_robot_description/local_setup.bash
[1.107s] -- Up-to-date symlink: /home/clgpoulain/ros2_ws/install/my_robot_description/share/my_robot_description/local_setup.sh
[1.107s] -- Up-to-date symlink: /home/clgpoulain/ros2_ws/install/my_robot_description/share/my_robot_description/local_setup.zsh
[1.108s] -- Up-to-date symlink: /home/clgpoulain/ros2_ws/install/my_robot_description/share/my_robot_description/local_setup.dsv
[1.108s] -- Symlinking: /home/clgpoulain/ros2_ws/install/my_robot_description/share/my_robot_description/package.dsv
[1.124s] -- Up-to-date symlink: /home/clgpoulain/ros2_ws/install/my_robot_description/share/ament_index/resource_index/packages/my_robot_description
[1.125s] -- Up-to-date symlink: /home/clgpoulain/ros2_ws/install/my_robot_description/share/my_robot_description/cmake/my_robot_descriptionConfig.cmake
[1.125s] -- Up-to-date symlink: /home/clgpoulain/ros2_ws/install/my_robot_description/share/my_robot_description/cmake/my_robot_descriptionConfig-version.cmake
[1.125s] -- Up-to-date symlink: /home/clgpoulain/ros2_ws/install/my_robot_description/share/my_robot_description/package.xml
[1.127s] Invoked command in '/home/clgpoulain/ros2_ws/build/my_robot_description' returned '0': CMAKE_PREFIX_PATH=${CMAKE_PREFIX_PATH}:/home/clgpoulain/ros2_ws/install/my_robot_controller:/opt/ros/humble /usr/bin/cmake --install /home/clgpoulain/ros2_ws/build/my_robot_description
