[0.207s] Invoking command in '/home/clgpoulain/ros2_ws/build/my_robot_description': CMAKE_PREFIX_PATH=${CMAKE_PREFIX_PATH}:/home/clgpoulain/ros2_ws/install/my_robot_controller:/opt/ros/humble /usr/bin/cmake --build /home/clgpoulain/ros2_ws/build/my_robot_description -- -j4 -l4
[0.650s] Invoked command in '/home/clgpoulain/ros2_ws/build/my_robot_description' returned '0': CMAKE_PREFIX_PATH=${CMAKE_PREFIX_PATH}:/home/clgpoulain/ros2_ws/install/my_robot_controller:/opt/ros/humble /usr/bin/cmake --build /home/clgpoulain/ros2_ws/build/my_robot_description -- -j4 -l4
[0.687s] Invoking command in '/home/clgpoulain/ros2_ws/build/my_robot_description': CMAKE_PREFIX_PATH=${CMAKE_PREFIX_PATH}:/home/clgpoulain/ros2_ws/install/my_robot_controller:/opt/ros/humble /usr/bin/cmake --install /home/clgpoulain/ros2_ws/build/my_robot_description
[0.696s] -- Install configuration: ""
[0.697s] -- Execute custom install script
[0.697s] -- Up-to-date symlink: /home/clgpoulain/ros2_ws/install/my_robot_description/share/my_robot_description//urdf/mobile_base.xacro
[0.697s] -- Up-to-date symlink: /home/clgpoulain/ros2_ws/install/my_robot_description/share/my_robot_description//urdf/mobile_gazebo.xacro
[0.698s] -- Up-to-date symlink: /home/clgpoulain/ros2_ws/install/my_robot_description/share/my_robot_description//urdf/my_robot.urdf.xacro
[0.698s] -- Up-to-date symlink: /home/clgpoulain/ros2_ws/install/my_robot_description/share/my_robot_description//urdf/properties.xacro
[0.698s] -- Up-to-date symlink: /home/clgpoulain/ros2_ws/install/my_robot_description/share/my_robot_description//launch/display.launch.xml
[0.698s] -- Up-to-date symlink: /home/clgpoulain/ros2_ws/install/my_robot_description/share/my_robot_description//rviz/my_robot.rviz
[0.698s] -- Up-to-date symlink: /home/clgpoulain/ros2_ws/install/my_robot_description/share/ament_index/resource_index/package_run_dependencies/my_robot_description
[0.699s] -- Up-to-date symlink: /home/clgpoulain/ros2_ws/install/my_robot_description/share/ament_index/resource_index/parent_prefix_path/my_robot_description
[0.699s] -- Up-to-date symlink: /home/clgpoulain/ros2_ws/install/my_robot_description/share/my_robot_description/environment/ament_prefix_path.sh
[0.699s] -- Up-to-date symlink: /home/clgpoulain/ros2_ws/install/my_robot_description/share/my_robot_description/environment/ament_prefix_path.dsv
[0.699s] -- Up-to-date symlink: /home/clgpoulain/ros2_ws/install/my_robot_description/share/my_robot_description/environment/path.sh
[0.700s] -- Up-to-date symlink: /home/clgpoulain/ros2_ws/install/my_robot_description/share/my_robot_description/environment/path.dsv
[0.700s] -- Up-to-date symlink: /home/clgpoulain/ros2_ws/install/my_robot_description/share/my_robot_description/local_setup.bash
[0.700s] -- Up-to-date symlink: /home/clgpoulain/ros2_ws/install/my_robot_description/share/my_robot_description/local_setup.sh
[0.700s] -- Up-to-date symlink: /home/clgpoulain/ros2_ws/install/my_robot_description/share/my_robot_description/local_setup.zsh
[0.700s] -- Up-to-date symlink: /home/clgpoulain/ros2_ws/install/my_robot_description/share/my_robot_description/local_setup.dsv
[0.700s] -- Symlinking: /home/clgpoulain/ros2_ws/install/my_robot_description/share/my_robot_description/package.dsv
[0.711s] -- Up-to-date symlink: /home/clgpoulain/ros2_ws/install/my_robot_description/share/ament_index/resource_index/packages/my_robot_description
[0.712s] -- Up-to-date symlink: /home/clgpoulain/ros2_ws/install/my_robot_description/share/my_robot_description/cmake/my_robot_descriptionConfig.cmake
[0.712s] -- Up-to-date symlink: /home/clgpoulain/ros2_ws/install/my_robot_description/share/my_robot_description/cmake/my_robot_descriptionConfig-version.cmake
[0.712s] -- Up-to-date symlink: /home/clgpoulain/ros2_ws/install/my_robot_description/share/my_robot_description/package.xml
[0.727s] Invoked command in '/home/clgpoulain/ros2_ws/build/my_robot_description' returned '0': CMAKE_PREFIX_PATH=${CMAKE_PREFIX_PATH}:/home/clgpoulain/ros2_ws/install/my_robot_controller:/opt/ros/humble /usr/bin/cmake --install /home/clgpoulain/ros2_ws/build/my_robot_description
