[0.530s] Invoking command in '/home/clgpoulain/ros2_ws/build/my_robot_description': CMAKE_PREFIX_PATH=/home/clgpoulain/ros2_ws/install/my_robot_controller:/opt/ros/humble /usr/bin/cmake --build /home/clgpoulain/ros2_ws/build/my_robot_description -- -j4 -l4
[0.557s] -- Found ament_cmake: 1.3.8 (/opt/ros/humble/share/ament_cmake/cmake)
[0.781s] -- Configuring done
[0.783s] -- Generating done
[0.784s] -- Build files have been written to: /home/clgpoulain/ros2_ws/build/my_robot_description
[0.811s] Invoked command in '/home/clgpoulain/ros2_ws/build/my_robot_description' returned '0': CMAKE_PREFIX_PATH=/home/clgpoulain/ros2_ws/install/my_robot_controller:/opt/ros/humble /usr/bin/cmake --build /home/clgpoulain/ros2_ws/build/my_robot_description -- -j4 -l4
[0.848s] Invoking command in '/home/clgpoulain/ros2_ws/build/my_robot_description': CMAKE_PREFIX_PATH=/home/clgpoulain/ros2_ws/install/my_robot_controller:/opt/ros/humble /usr/bin/cmake --install /home/clgpoulain/ros2_ws/build/my_robot_description
[0.857s] -- Install configuration: ""
[0.857s] -- Up-to-date: /home/clgpoulain/ros2_ws/install/my_robot_description/share/my_robot_description//urdf
[0.857s] -- Up-to-date: /home/clgpoulain/ros2_ws/install/my_robot_description/share/my_robot_description//urdf/my_robot.urdf
[0.857s] -- Installing: /home/clgpoulain/ros2_ws/install/my_robot_description/share/my_robot_description//launch
[0.858s] -- Installing: /home/clgpoulain/ros2_ws/install/my_robot_description/share/my_robot_description//launch/display.launch.xml
[0.858s] -- Up-to-date: /home/clgpoulain/ros2_ws/install/my_robot_description/share/ament_index/resource_index/package_run_dependencies/my_robot_description
[0.858s] -- Up-to-date: /home/clgpoulain/ros2_ws/install/my_robot_description/share/ament_index/resource_index/parent_prefix_path/my_robot_description
[0.858s] -- Up-to-date: /home/clgpoulain/ros2_ws/install/my_robot_description/share/my_robot_description/environment/ament_prefix_path.sh
[0.858s] -- Installing: /home/clgpoulain/ros2_ws/install/my_robot_description/share/my_robot_description/environment/ament_prefix_path.dsv
[0.858s] -- Up-to-date: /home/clgpoulain/ros2_ws/install/my_robot_description/share/my_robot_description/environment/path.sh
[0.858s] -- Installing: /home/clgpoulain/ros2_ws/install/my_robot_description/share/my_robot_description/environment/path.dsv
[0.859s] -- Up-to-date: /home/clgpoulain/ros2_ws/install/my_robot_description/share/my_robot_description/local_setup.bash
[0.859s] -- Up-to-date: /home/clgpoulain/ros2_ws/install/my_robot_description/share/my_robot_description/local_setup.sh
[0.859s] -- Up-to-date: /home/clgpoulain/ros2_ws/install/my_robot_description/share/my_robot_description/local_setup.zsh
[0.859s] -- Installing: /home/clgpoulain/ros2_ws/install/my_robot_description/share/my_robot_description/local_setup.dsv
[0.859s] -- Installing: /home/clgpoulain/ros2_ws/install/my_robot_description/share/my_robot_description/package.dsv
[0.859s] -- Up-to-date: /home/clgpoulain/ros2_ws/install/my_robot_description/share/ament_index/resource_index/packages/my_robot_description
[0.859s] -- Up-to-date: /home/clgpoulain/ros2_ws/install/my_robot_description/share/my_robot_description/cmake/my_robot_descriptionConfig.cmake
[0.859s] -- Up-to-date: /home/clgpoulain/ros2_ws/install/my_robot_description/share/my_robot_description/cmake/my_robot_descriptionConfig-version.cmake
[0.859s] -- Up-to-date: /home/clgpoulain/ros2_ws/install/my_robot_description/share/my_robot_description/package.xml
[0.861s] Invoked command in '/home/clgpoulain/ros2_ws/build/my_robot_description' returned '0': CMAKE_PREFIX_PATH=/home/clgpoulain/ros2_ws/install/my_robot_controller:/opt/ros/humble /usr/bin/cmake --install /home/clgpoulain/ros2_ws/build/my_robot_description
