[1.701s] DEBUG:colcon:Command line arguments: ['/usr/bin/colcon', 'build']
[1.701s] DEBUG:colcon:Parsed command line arguments: Namespace(log_base=None, log_level=None, verb_name='build', build_base='build', install_base='install', merge_install=False, symlink_install=False, test_result_base=None, continue_on_error=False, executor='parallel', parallel_workers=4, event_handlers=None, ignore_user_meta=False, metas=['./colcon.meta'], base_paths=['.'], packages_ignore=None, packages_ignore_regex=None, paths=None, packages_up_to=None, packages_up_to_regex=None, packages_above=None, packages_above_and_dependencies=None, packages_above_depth=None, packages_select_by_dep=None, packages_skip_by_dep=None, packages_skip_up_to=None, packages_select_build_failed=False, packages_skip_build_finished=False, packages_select_test_failures=False, packages_skip_test_passed=False, packages_select=None, packages_skip=None, packages_select_regex=None, packages_skip_regex=None, packages_start=None, packages_end=None, allow_overriding=[], cmake_args=None, cmake_target=None, cmake_target_skip_unavailable=False, cmake_clean_cache=False, cmake_clean_first=False, cmake_force_configure=False, ament_cmake_args=None, catkin_cmake_args=None, catkin_skip_building_tests=False, verb_parser=<colcon_defaults.argument_parser.defaults.DefaultArgumentsDecorator object at 0x7f27c7edfc10>, verb_extension=<colcon_core.verb.build.BuildVerb object at 0x7f27c811dc60>, main=<bound method BuildVerb.main of <colcon_core.verb.build.BuildVerb object at 0x7f27c811dc60>>)
[1.805s] Level 1:colcon.colcon_core.package_discovery:discover_packages(colcon_meta) check parameters
[1.806s] Level 1:colcon.colcon_core.package_discovery:discover_packages(recursive) check parameters
[1.806s] Level 1:colcon.colcon_core.package_discovery:discover_packages(ignore) check parameters
[1.806s] Level 1:colcon.colcon_core.package_discovery:discover_packages(path) check parameters
[1.806s] Level 1:colcon.colcon_core.package_discovery:discover_packages(colcon_meta) discover
[1.806s] Level 1:colcon.colcon_core.package_discovery:discover_packages(recursive) discover
[1.806s] INFO:colcon.colcon_core.package_discovery:Crawling recursively for packages in '/home/clgpoulain/ros2_ws'
[1.806s] Level 1:colcon.colcon_core.package_identification:_identify(.) by extensions ['ignore', 'ignore_ament_install']
[1.806s] Level 1:colcon.colcon_core.package_identification:_identify(.) by extension 'ignore'
[1.806s] Level 1:colcon.colcon_core.package_identification:_identify(.) by extension 'ignore_ament_install'
[1.806s] Level 1:colcon.colcon_core.package_identification:_identify(.) by extensions ['colcon_pkg']
[1.806s] Level 1:colcon.colcon_core.package_identification:_identify(.) by extension 'colcon_pkg'
[1.806s] Level 1:colcon.colcon_core.package_identification:_identify(.) by extensions ['colcon_meta']
[1.807s] Level 1:colcon.colcon_core.package_identification:_identify(.) by extension 'colcon_meta'
[1.807s] Level 1:colcon.colcon_core.package_identification:_identify(.) by extensions ['ros']
[1.807s] Level 1:colcon.colcon_core.package_identification:_identify(.) by extension 'ros'
[1.824s] Level 1:colcon.colcon_core.package_identification:_identify(.) by extensions ['cmake', 'python']
[1.824s] Level 1:colcon.colcon_core.package_identification:_identify(.) by extension 'cmake'
[1.824s] Level 1:colcon.colcon_core.package_identification:_identify(.) by extension 'python'
[1.824s] Level 1:colcon.colcon_core.package_identification:_identify(.) by extensions ['python_setup_py']
[1.824s] Level 1:colcon.colcon_core.package_identification:_identify(.) by extension 'python_setup_py'
[1.825s] Level 1:colcon.colcon_core.package_identification:_identify(build) by extensions ['ignore', 'ignore_ament_install']
[1.825s] Level 1:colcon.colcon_core.package_identification:_identify(build) by extension 'ignore'
[1.825s] Level 1:colcon.colcon_core.package_identification:_identify(build) ignored
[1.825s] Level 1:colcon.colcon_core.package_identification:_identify(install) by extensions ['ignore', 'ignore_ament_install']
[1.825s] Level 1:colcon.colcon_core.package_identification:_identify(install) by extension 'ignore'
[1.825s] Level 1:colcon.colcon_core.package_identification:_identify(install) ignored
[1.825s] Level 1:colcon.colcon_core.package_identification:_identify(log) by extensions ['ignore', 'ignore_ament_install']
[1.825s] Level 1:colcon.colcon_core.package_identification:_identify(log) by extension 'ignore'
[1.825s] Level 1:colcon.colcon_core.package_identification:_identify(log) ignored
[1.826s] Level 1:colcon.colcon_core.package_identification:_identify(src) by extensions ['ignore', 'ignore_ament_install']
[1.826s] Level 1:colcon.colcon_core.package_identification:_identify(src) by extension 'ignore'
[1.826s] Level 1:colcon.colcon_core.package_identification:_identify(src) by extension 'ignore_ament_install'
[1.826s] Level 1:colcon.colcon_core.package_identification:_identify(src) by extensions ['colcon_pkg']
[1.826s] Level 1:colcon.colcon_core.package_identification:_identify(src) by extension 'colcon_pkg'
[1.826s] Level 1:colcon.colcon_core.package_identification:_identify(src) by extensions ['colcon_meta']
[1.826s] Level 1:colcon.colcon_core.package_identification:_identify(src) by extension 'colcon_meta'
[1.826s] Level 1:colcon.colcon_core.package_identification:_identify(src) by extensions ['ros']
[1.826s] Level 1:colcon.colcon_core.package_identification:_identify(src) by extension 'ros'
[1.827s] Level 1:colcon.colcon_core.package_identification:_identify(src) by extensions ['cmake', 'python']
[1.827s] Level 1:colcon.colcon_core.package_identification:_identify(src) by extension 'cmake'
[1.827s] Level 1:colcon.colcon_core.package_identification:_identify(src) by extension 'python'
[1.827s] Level 1:colcon.colcon_core.package_identification:_identify(src) by extensions ['python_setup_py']
[1.827s] Level 1:colcon.colcon_core.package_identification:_identify(src) by extension 'python_setup_py'
[1.827s] Level 1:colcon.colcon_core.package_identification:_identify(src/my_robot_controller) by extensions ['ignore', 'ignore_ament_install']
[1.827s] Level 1:colcon.colcon_core.package_identification:_identify(src/my_robot_controller) by extension 'ignore'
[1.827s] Level 1:colcon.colcon_core.package_identification:_identify(src/my_robot_controller) by extension 'ignore_ament_install'
[1.827s] Level 1:colcon.colcon_core.package_identification:_identify(src/my_robot_controller) by extensions ['colcon_pkg']
[1.827s] Level 1:colcon.colcon_core.package_identification:_identify(src/my_robot_controller) by extension 'colcon_pkg'
[1.827s] Level 1:colcon.colcon_core.package_identification:_identify(src/my_robot_controller) by extensions ['colcon_meta']
[1.827s] Level 1:colcon.colcon_core.package_identification:_identify(src/my_robot_controller) by extension 'colcon_meta'
[1.827s] Level 1:colcon.colcon_core.package_identification:_identify(src/my_robot_controller) by extensions ['ros']
[1.828s] Level 1:colcon.colcon_core.package_identification:_identify(src/my_robot_controller) by extension 'ros'
[1.831s] DEBUG:colcon.colcon_core.package_identification:Package 'src/my_robot_controller' with type 'ros.ament_python' and name 'my_robot_controller'
[1.831s] Level 1:colcon.colcon_core.package_identification:_identify(src/my_robot_description) by extensions ['ignore', 'ignore_ament_install']
[1.831s] Level 1:colcon.colcon_core.package_identification:_identify(src/my_robot_description) by extension 'ignore'
[1.831s] Level 1:colcon.colcon_core.package_identification:_identify(src/my_robot_description) by extension 'ignore_ament_install'
[1.831s] Level 1:colcon.colcon_core.package_identification:_identify(src/my_robot_description) by extensions ['colcon_pkg']
[1.831s] Level 1:colcon.colcon_core.package_identification:_identify(src/my_robot_description) by extension 'colcon_pkg'
[1.831s] Level 1:colcon.colcon_core.package_identification:_identify(src/my_robot_description) by extensions ['colcon_meta']
[1.831s] Level 1:colcon.colcon_core.package_identification:_identify(src/my_robot_description) by extension 'colcon_meta'
[1.831s] Level 1:colcon.colcon_core.package_identification:_identify(src/my_robot_description) by extensions ['ros']
[1.832s] Level 1:colcon.colcon_core.package_identification:_identify(src/my_robot_description) by extension 'ros'
[1.832s] DEBUG:colcon.colcon_core.package_identification:Package 'src/my_robot_description' with type 'ros.ament_cmake' and name 'my_robot_description'
[1.832s] Level 1:colcon.colcon_core.package_discovery:discover_packages(recursive) using defaults
[1.832s] Level 1:colcon.colcon_core.package_discovery:discover_packages(ignore) discover
[1.832s] Level 1:colcon.colcon_core.package_discovery:discover_packages(ignore) using defaults
[1.832s] Level 1:colcon.colcon_core.package_discovery:discover_packages(path) discover
[1.832s] Level 1:colcon.colcon_core.package_discovery:discover_packages(path) using defaults
[1.997s] Level 1:colcon.colcon_core.package_discovery:discover_packages(prefix_path) check parameters
[1.997s] Level 1:colcon.colcon_core.package_discovery:discover_packages(prefix_path) discover
[2.123s] DEBUG:colcon.colcon_installed_package_information.package_discovery:Found 1 installed packages in /home/clgpoulain/ros2_ws/install
[2.148s] DEBUG:colcon.colcon_installed_package_information.package_discovery:Found 275 installed packages in /opt/ros/humble
[2.150s] Level 1:colcon.colcon_core.package_discovery:discover_packages(prefix_path) using defaults
[2.358s] Level 5:colcon.colcon_core.verb:set package 'my_robot_controller' build argument 'cmake_args' from command line to 'None'
[2.358s] Level 5:colcon.colcon_core.verb:set package 'my_robot_controller' build argument 'cmake_target' from command line to 'None'
[2.358s] Level 5:colcon.colcon_core.verb:set package 'my_robot_controller' build argument 'cmake_target_skip_unavailable' from command line to 'False'
[2.358s] Level 5:colcon.colcon_core.verb:set package 'my_robot_controller' build argument 'cmake_clean_cache' from command line to 'False'
[2.358s] Level 5:colcon.colcon_core.verb:set package 'my_robot_controller' build argument 'cmake_clean_first' from command line to 'False'
[2.358s] Level 5:colcon.colcon_core.verb:set package 'my_robot_controller' build argument 'cmake_force_configure' from command line to 'False'
[2.358s] Level 5:colcon.colcon_core.verb:set package 'my_robot_controller' build argument 'ament_cmake_args' from command line to 'None'
[2.358s] Level 5:colcon.colcon_core.verb:set package 'my_robot_controller' build argument 'catkin_cmake_args' from command line to 'None'
[2.358s] Level 5:colcon.colcon_core.verb:set package 'my_robot_controller' build argument 'catkin_skip_building_tests' from command line to 'False'
[2.358s] DEBUG:colcon.colcon_core.verb:Building package 'my_robot_controller' with the following arguments: {'ament_cmake_args': None, 'build_base': '/home/clgpoulain/ros2_ws/build/my_robot_controller', 'catkin_cmake_args': None, 'catkin_skip_building_tests': False, 'cmake_args': None, 'cmake_clean_cache': False, 'cmake_clean_first': False, 'cmake_force_configure': False, 'cmake_target': None, 'cmake_target_skip_unavailable': False, 'install_base': '/home/clgpoulain/ros2_ws/install/my_robot_controller', 'merge_install': False, 'path': '/home/clgpoulain/ros2_ws/src/my_robot_controller', 'symlink_install': False, 'test_result_base': None}
[2.381s] Level 5:colcon.colcon_core.verb:set package 'my_robot_description' build argument 'cmake_args' from command line to 'None'
[2.381s] Level 5:colcon.colcon_core.verb:set package 'my_robot_description' build argument 'cmake_target' from command line to 'None'
[2.381s] Level 5:colcon.colcon_core.verb:set package 'my_robot_description' build argument 'cmake_target_skip_unavailable' from command line to 'False'
[2.381s] Level 5:colcon.colcon_core.verb:set package 'my_robot_description' build argument 'cmake_clean_cache' from command line to 'False'
[2.381s] Level 5:colcon.colcon_core.verb:set package 'my_robot_description' build argument 'cmake_clean_first' from command line to 'False'
[2.381s] Level 5:colcon.colcon_core.verb:set package 'my_robot_description' build argument 'cmake_force_configure' from command line to 'False'
[2.381s] Level 5:colcon.colcon_core.verb:set package 'my_robot_description' build argument 'ament_cmake_args' from command line to 'None'
[2.381s] Level 5:colcon.colcon_core.verb:set package 'my_robot_description' build argument 'catkin_cmake_args' from command line to 'None'
[2.381s] Level 5:colcon.colcon_core.verb:set package 'my_robot_description' build argument 'catkin_skip_building_tests' from command line to 'False'
[2.382s] DEBUG:colcon.colcon_core.verb:Building package 'my_robot_description' with the following arguments: {'ament_cmake_args': None, 'build_base': '/home/clgpoulain/ros2_ws/build/my_robot_description', 'catkin_cmake_args': None, 'catkin_skip_building_tests': False, 'cmake_args': None, 'cmake_clean_cache': False, 'cmake_clean_first': False, 'cmake_force_configure': False, 'cmake_target': None, 'cmake_target_skip_unavailable': False, 'install_base': '/home/clgpoulain/ros2_ws/install/my_robot_description', 'merge_install': False, 'path': '/home/clgpoulain/ros2_ws/src/my_robot_description', 'symlink_install': False, 'test_result_base': None}
[2.406s] INFO:colcon.colcon_core.executor:Executing jobs using 'parallel' executor
[2.432s] DEBUG:colcon.colcon_parallel_executor.executor.parallel:run_until_complete
[2.432s] INFO:colcon.colcon_ros.task.ament_python.build:Building ROS package in '/home/clgpoulain/ros2_ws/src/my_robot_controller' with build type 'ament_python'
[2.432s] Level 1:colcon.colcon_core.shell:create_environment_hook('my_robot_controller', 'ament_prefix_path')
[2.463s] INFO:colcon.colcon_core.plugin_system:Skipping extension 'colcon_core.shell.bat': Not used on non-Windows systems
[2.463s] INFO:colcon.colcon_core.shell:Creating environment hook '/home/clgpoulain/ros2_ws/install/my_robot_controller/share/my_robot_controller/hook/ament_prefix_path.ps1'
[2.490s] INFO:colcon.colcon_core.shell:Creating environment descriptor '/home/clgpoulain/ros2_ws/install/my_robot_controller/share/my_robot_controller/hook/ament_prefix_path.dsv'
[2.507s] INFO:colcon.colcon_core.shell:Creating environment hook '/home/clgpoulain/ros2_ws/install/my_robot_controller/share/my_robot_controller/hook/ament_prefix_path.sh'
[2.533s] INFO:colcon.colcon_core.shell:Skip shell extension 'powershell' for command environment: Not usable outside of PowerShell
[2.534s] DEBUG:colcon.colcon_core.shell:Skip shell extension 'dsv' for command environment
[2.628s] INFO:colcon.colcon_ros.task.ament_cmake.build:Building ROS package in '/home/clgpoulain/ros2_ws/src/my_robot_description' with build type 'ament_cmake'
[2.628s] INFO:colcon.colcon_cmake.task.cmake.build:Building CMake package in '/home/clgpoulain/ros2_ws/src/my_robot_description'
[2.654s] INFO:colcon.colcon_core.shell:Skip shell extension 'powershell' for command environment: Not usable outside of PowerShell
[2.654s] DEBUG:colcon.colcon_core.shell:Skip shell extension 'dsv' for command environment
[3.170s] INFO:colcon.colcon_core.task.python.build:Building Python package in '/home/clgpoulain/ros2_ws/src/my_robot_controller'
[3.196s] INFO:colcon.colcon_core.shell:Skip shell extension 'powershell' for command environment: Not usable outside of PowerShell
[3.196s] DEBUG:colcon.colcon_core.shell:Skip shell extension 'dsv' for command environment
[3.275s] DEBUG:colcon.colcon_core.event_handler.log_command:Invoking command in '/home/clgpoulain/ros2_ws/build/my_robot_description': CMAKE_PREFIX_PATH=/home/clgpoulain/ros2_ws/install/my_robot_controller:/opt/ros/humble /usr/bin/cmake /home/clgpoulain/ros2_ws/src/my_robot_description -DCMAKE_INSTALL_PREFIX=/home/clgpoulain/ros2_ws/install/my_robot_description
[4.283s] DEBUG:colcon.colcon_core.event_handler.log_command:Invoking command in '/home/clgpoulain/ros2_ws/build/my_robot_controller': PYTHONPATH=/home/clgpoulain/ros2_ws/build/my_robot_controller/prefix_override:/home/clgpoulain/ros2_ws/install/my_robot_controller/lib/python3.10/site-packages:${PYTHONPATH} /usr/bin/python3 setup.py develop --uninstall --editable --build-directory /home/clgpoulain/ros2_ws/build/my_robot_controller/build
[5.082s] DEBUG:colcon.colcon_core.event_handler.log_command:Invoked command in '/home/clgpoulain/ros2_ws/build/my_robot_controller' returned '0': PYTHONPATH=/home/clgpoulain/ros2_ws/build/my_robot_controller/prefix_override:/home/clgpoulain/ros2_ws/install/my_robot_controller/lib/python3.10/site-packages:${PYTHONPATH} /usr/bin/python3 setup.py develop --uninstall --editable --build-directory /home/clgpoulain/ros2_ws/build/my_robot_controller/build
[5.084s] DEBUG:colcon.colcon_core.event_handler.log_command:Invoking command in '/home/clgpoulain/ros2_ws/src/my_robot_controller': PYTHONPATH=/home/clgpoulain/ros2_ws/build/my_robot_controller/prefix_override:/home/clgpoulain/ros2_ws/install/my_robot_controller/lib/python3.10/site-packages:${PYTHONPATH} /usr/bin/python3 setup.py egg_info --egg-base ../../build/my_robot_controller build --build-base /home/clgpoulain/ros2_ws/build/my_robot_controller/build install --record /home/clgpoulain/ros2_ws/build/my_robot_controller/install.log --single-version-externally-managed
[5.671s] DEBUG:colcon.colcon_core.event_handler.log_command:Invoked command in '/home/clgpoulain/ros2_ws/src/my_robot_controller' returned '0': PYTHONPATH=/home/clgpoulain/ros2_ws/build/my_robot_controller/prefix_override:/home/clgpoulain/ros2_ws/install/my_robot_controller/lib/python3.10/site-packages:${PYTHONPATH} /usr/bin/python3 setup.py egg_info --egg-base ../../build/my_robot_controller build --build-base /home/clgpoulain/ros2_ws/build/my_robot_controller/build install --record /home/clgpoulain/ros2_ws/build/my_robot_controller/install.log --single-version-externally-managed
[5.749s] Level 1:colcon.colcon_core.environment:checking '/home/clgpoulain/ros2_ws/install/my_robot_controller' for CMake module files
[5.750s] Level 1:colcon.colcon_core.environment:checking '/home/clgpoulain/ros2_ws/install/my_robot_controller' for CMake config files
[5.772s] Level 1:colcon.colcon_core.environment:checking '/home/clgpoulain/ros2_ws/install/my_robot_controller/lib'
[5.772s] Level 1:colcon.colcon_core.environment:checking '/home/clgpoulain/ros2_ws/install/my_robot_controller/bin'
[5.772s] Level 1:colcon.colcon_core.environment:checking '/home/clgpoulain/ros2_ws/install/my_robot_controller/lib/pkgconfig/my_robot_controller.pc'
[5.772s] Level 1:colcon.colcon_core.environment:checking '/home/clgpoulain/ros2_ws/install/my_robot_controller/lib/python3.10/site-packages'
[5.773s] Level 1:colcon.colcon_core.shell:create_environment_hook('my_robot_controller', 'pythonpath')
[5.799s] INFO:colcon.colcon_core.shell:Creating environment hook '/home/clgpoulain/ros2_ws/install/my_robot_controller/share/my_robot_controller/hook/pythonpath.ps1'
[5.799s] INFO:colcon.colcon_core.shell:Creating environment descriptor '/home/clgpoulain/ros2_ws/install/my_robot_controller/share/my_robot_controller/hook/pythonpath.dsv'
[5.800s] INFO:colcon.colcon_core.shell:Creating environment hook '/home/clgpoulain/ros2_ws/install/my_robot_controller/share/my_robot_controller/hook/pythonpath.sh'
[5.800s] Level 1:colcon.colcon_core.environment:checking '/home/clgpoulain/ros2_ws/install/my_robot_controller/bin'
[5.800s] Level 1:colcon.colcon_core.environment:create_environment_scripts_only(my_robot_controller)
[5.829s] INFO:colcon.colcon_core.shell:Creating package script '/home/clgpoulain/ros2_ws/install/my_robot_controller/share/my_robot_controller/package.ps1'
[5.837s] INFO:colcon.colcon_core.shell:Creating package descriptor '/home/clgpoulain/ros2_ws/install/my_robot_controller/share/my_robot_controller/package.dsv'
[5.850s] INFO:colcon.colcon_core.shell:Creating package script '/home/clgpoulain/ros2_ws/install/my_robot_controller/share/my_robot_controller/package.sh'
[5.851s] INFO:colcon.colcon_core.shell:Creating package script '/home/clgpoulain/ros2_ws/install/my_robot_controller/share/my_robot_controller/package.bash'
[5.853s] INFO:colcon.colcon_core.shell:Creating package script '/home/clgpoulain/ros2_ws/install/my_robot_controller/share/my_robot_controller/package.zsh'
[5.879s] Level 1:colcon.colcon_core.environment:create_file_with_runtime_dependencies(/home/clgpoulain/ros2_ws/install/my_robot_controller/share/colcon-core/packages/my_robot_controller)
[5.983s] DEBUG:colcon.colcon_core.event_handler.log_command:Invoked command in '/home/clgpoulain/ros2_ws/build/my_robot_description' returned '0': CMAKE_PREFIX_PATH=/home/clgpoulain/ros2_ws/install/my_robot_controller:/opt/ros/humble /usr/bin/cmake /home/clgpoulain/ros2_ws/src/my_robot_description -DCMAKE_INSTALL_PREFIX=/home/clgpoulain/ros2_ws/install/my_robot_description
[5.986s] DEBUG:colcon.colcon_core.event_handler.log_command:Invoking command in '/home/clgpoulain/ros2_ws/build/my_robot_description': CMAKE_PREFIX_PATH=/home/clgpoulain/ros2_ws/install/my_robot_controller:/opt/ros/humble /usr/bin/cmake --build /home/clgpoulain/ros2_ws/build/my_robot_description -- -j4 -l4
[6.042s] DEBUG:colcon.colcon_core.event_handler.log_command:Invoked command in '/home/clgpoulain/ros2_ws/build/my_robot_description' returned '0': CMAKE_PREFIX_PATH=/home/clgpoulain/ros2_ws/install/my_robot_controller:/opt/ros/humble /usr/bin/cmake --build /home/clgpoulain/ros2_ws/build/my_robot_description -- -j4 -l4
[6.085s] DEBUG:colcon.colcon_core.event_handler.log_command:Invoking command in '/home/clgpoulain/ros2_ws/build/my_robot_description': CMAKE_PREFIX_PATH=/home/clgpoulain/ros2_ws/install/my_robot_controller:/opt/ros/humble /usr/bin/cmake --install /home/clgpoulain/ros2_ws/build/my_robot_description
[6.103s] Level 1:colcon.colcon_core.environment:create_environment_scripts_only(my_robot_description)
[6.104s] DEBUG:colcon.colcon_core.event_handler.log_command:Invoked command in '/home/clgpoulain/ros2_ws/build/my_robot_description' returned '0': CMAKE_PREFIX_PATH=/home/clgpoulain/ros2_ws/install/my_robot_controller:/opt/ros/humble /usr/bin/cmake --install /home/clgpoulain/ros2_ws/build/my_robot_description
[6.130s] Level 1:colcon.colcon_core.environment:checking '/home/clgpoulain/ros2_ws/install/my_robot_description' for CMake module files
[6.131s] Level 1:colcon.colcon_core.environment:checking '/home/clgpoulain/ros2_ws/install/my_robot_description' for CMake config files
[6.131s] Level 1:colcon.colcon_core.shell:create_environment_hook('my_robot_description', 'cmake_prefix_path')
[6.155s] INFO:colcon.colcon_core.shell:Creating environment hook '/home/clgpoulain/ros2_ws/install/my_robot_description/share/my_robot_description/hook/cmake_prefix_path.ps1'
[6.155s] INFO:colcon.colcon_core.shell:Creating environment descriptor '/home/clgpoulain/ros2_ws/install/my_robot_description/share/my_robot_description/hook/cmake_prefix_path.dsv'
[6.155s] INFO:colcon.colcon_core.shell:Creating environment hook '/home/clgpoulain/ros2_ws/install/my_robot_description/share/my_robot_description/hook/cmake_prefix_path.sh'
[6.156s] Level 1:colcon.colcon_core.environment:checking '/home/clgpoulain/ros2_ws/install/my_robot_description/bin'
[6.156s] Level 1:colcon.colcon_core.environment:checking '/home/clgpoulain/ros2_ws/install/my_robot_description/lib/pkgconfig/my_robot_description.pc'
[6.156s] Level 1:colcon.colcon_core.environment:checking '/home/clgpoulain/ros2_ws/install/my_robot_description/lib/python3.10/site-packages'
[6.157s] Level 1:colcon.colcon_core.environment:checking '/home/clgpoulain/ros2_ws/install/my_robot_description/bin'
[6.182s] INFO:colcon.colcon_core.shell:Creating package script '/home/clgpoulain/ros2_ws/install/my_robot_description/share/my_robot_description/package.ps1'
[6.183s] INFO:colcon.colcon_core.shell:Creating package descriptor '/home/clgpoulain/ros2_ws/install/my_robot_description/share/my_robot_description/package.dsv'
[6.183s] INFO:colcon.colcon_core.shell:Creating package script '/home/clgpoulain/ros2_ws/install/my_robot_description/share/my_robot_description/package.sh'
[6.184s] INFO:colcon.colcon_core.shell:Creating package script '/home/clgpoulain/ros2_ws/install/my_robot_description/share/my_robot_description/package.bash'
[6.184s] INFO:colcon.colcon_core.shell:Creating package script '/home/clgpoulain/ros2_ws/install/my_robot_description/share/my_robot_description/package.zsh'
[6.184s] Level 1:colcon.colcon_core.environment:create_file_with_runtime_dependencies(/home/clgpoulain/ros2_ws/install/my_robot_description/share/colcon-core/packages/my_robot_description)
[6.241s] Level 1:colcon.colcon_core.environment:create_environment_scripts_only(my_robot_description)
[6.266s] Level 1:colcon.colcon_core.environment:checking '/home/clgpoulain/ros2_ws/install/my_robot_description' for CMake module files
[6.266s] Level 1:colcon.colcon_core.environment:checking '/home/clgpoulain/ros2_ws/install/my_robot_description' for CMake config files
[6.267s] Level 1:colcon.colcon_core.shell:create_environment_hook('my_robot_description', 'cmake_prefix_path')
[6.292s] INFO:colcon.colcon_core.shell:Creating environment hook '/home/clgpoulain/ros2_ws/install/my_robot_description/share/my_robot_description/hook/cmake_prefix_path.ps1'
[6.292s] INFO:colcon.colcon_core.shell:Creating environment descriptor '/home/clgpoulain/ros2_ws/install/my_robot_description/share/my_robot_description/hook/cmake_prefix_path.dsv'
[6.293s] INFO:colcon.colcon_core.shell:Creating environment hook '/home/clgpoulain/ros2_ws/install/my_robot_description/share/my_robot_description/hook/cmake_prefix_path.sh'
[6.293s] Level 1:colcon.colcon_core.environment:checking '/home/clgpoulain/ros2_ws/install/my_robot_description/bin'
[6.293s] Level 1:colcon.colcon_core.environment:checking '/home/clgpoulain/ros2_ws/install/my_robot_description/lib/pkgconfig/my_robot_description.pc'
[6.294s] Level 1:colcon.colcon_core.environment:checking '/home/clgpoulain/ros2_ws/install/my_robot_description/lib/python3.10/site-packages'
[6.294s] Level 1:colcon.colcon_core.environment:checking '/home/clgpoulain/ros2_ws/install/my_robot_description/bin'
[6.316s] INFO:colcon.colcon_core.shell:Creating package script '/home/clgpoulain/ros2_ws/install/my_robot_description/share/my_robot_description/package.ps1'
[6.317s] INFO:colcon.colcon_core.shell:Creating package descriptor '/home/clgpoulain/ros2_ws/install/my_robot_description/share/my_robot_description/package.dsv'
[6.318s] INFO:colcon.colcon_core.shell:Creating package script '/home/clgpoulain/ros2_ws/install/my_robot_description/share/my_robot_description/package.sh'
[6.320s] INFO:colcon.colcon_core.shell:Creating package script '/home/clgpoulain/ros2_ws/install/my_robot_description/share/my_robot_description/package.bash'
[6.322s] INFO:colcon.colcon_core.shell:Creating package script '/home/clgpoulain/ros2_ws/install/my_robot_description/share/my_robot_description/package.zsh'
[6.323s] Level 1:colcon.colcon_core.environment:create_file_with_runtime_dependencies(/home/clgpoulain/ros2_ws/install/my_robot_description/share/colcon-core/packages/my_robot_description)
[6.323s] DEBUG:colcon.colcon_parallel_executor.executor.parallel:closing loop
[6.324s] DEBUG:colcon.colcon_parallel_executor.executor.parallel:loop closed
[6.324s] DEBUG:colcon.colcon_parallel_executor.executor.parallel:run_until_complete finished with '0'
[6.324s] DEBUG:colcon.colcon_core.event_reactor:joining thread
[6.370s] INFO:colcon.colcon_core.plugin_system:Skipping extension 'colcon_notification.desktop_notification.terminal_notifier': Not used on non-Darwin systems
[6.370s] INFO:colcon.colcon_core.plugin_system:Skipping extension 'colcon_notification.desktop_notification.win32': Not used on non-Windows systems
[6.370s] INFO:colcon.colcon_notification.desktop_notification:Sending desktop notification using 'notify2'
[6.395s] DEBUG:colcon.colcon_core.event_reactor:joined thread
[6.429s] INFO:colcon.colcon_core.shell:Creating prefix script '/home/clgpoulain/ros2_ws/install/local_setup.ps1'
[6.430s] INFO:colcon.colcon_core.shell:Creating prefix util module '/home/clgpoulain/ros2_ws/install/_local_setup_util_ps1.py'
[6.432s] INFO:colcon.colcon_core.shell:Creating prefix chain script '/home/clgpoulain/ros2_ws/install/setup.ps1'
[6.460s] INFO:colcon.colcon_core.shell:Creating prefix script '/home/clgpoulain/ros2_ws/install/local_setup.sh'
[6.461s] INFO:colcon.colcon_core.shell:Creating prefix util module '/home/clgpoulain/ros2_ws/install/_local_setup_util_sh.py'
[6.462s] INFO:colcon.colcon_core.shell:Creating prefix chain script '/home/clgpoulain/ros2_ws/install/setup.sh'
[6.486s] INFO:colcon.colcon_core.shell:Creating prefix script '/home/clgpoulain/ros2_ws/install/local_setup.bash'
[6.488s] INFO:colcon.colcon_core.shell:Creating prefix chain script '/home/clgpoulain/ros2_ws/install/setup.bash'
[6.523s] INFO:colcon.colcon_core.shell:Creating prefix script '/home/clgpoulain/ros2_ws/install/local_setup.zsh'
[6.524s] INFO:colcon.colcon_core.shell:Creating prefix chain script '/home/clgpoulain/ros2_ws/install/setup.zsh'
