[1.645s] Invoking command in '/home/clgpoulain/ros2_ws/src/my_robot_controller': PYTHONPATH=/home/clgpoulain/ros2_ws/build/my_robot_controller/prefix_override:/home/clgpoulain/ros2_ws/install/my_robot_controller/lib/python3.10/site-packages:${PYTHONPATH} /usr/bin/python3 setup.py egg_info --egg-base ../../build/my_robot_controller build --build-base /home/clgpoulain/ros2_ws/build/my_robot_controller/build install --record /home/clgpoulain/ros2_ws/build/my_robot_controller/install.log --single-version-externally-managed
[2.112s] running egg_info
[2.114s] writing ../../build/my_robot_controller/my_robot_controller.egg-info/PKG-INFO
[2.115s] writing dependency_links to ../../build/my_robot_controller/my_robot_controller.egg-info/dependency_links.txt
[2.115s] writing entry points to ../../build/my_robot_controller/my_robot_controller.egg-info/entry_points.txt
[2.116s] writing requirements to ../../build/my_robot_controller/my_robot_controller.egg-info/requires.txt
[2.116s] writing top-level names to ../../build/my_robot_controller/my_robot_controller.egg-info/top_level.txt
[2.121s] reading manifest file '../../build/my_robot_controller/my_robot_controller.egg-info/SOURCES.txt'
[2.123s] writing manifest file '../../build/my_robot_controller/my_robot_controller.egg-info/SOURCES.txt'
[2.123s] running build
[2.123s] running build_py
[2.123s] running install
[2.124s] running install_lib
[2.125s] running install_data
[2.126s] running install_egg_info
[2.130s] removing '/home/clgpoulain/ros2_ws/install/my_robot_controller/lib/python3.10/site-packages/my_robot_controller-0.0.0-py3.10.egg-info' (and everything under it)
[2.130s] Copying ../../build/my_robot_controller/my_robot_controller.egg-info to /home/clgpoulain/ros2_ws/install/my_robot_controller/lib/python3.10/site-packages/my_robot_controller-0.0.0-py3.10.egg-info
[2.130s] running install_scripts
[2.169s] Installing my_first_trial script to /home/clgpoulain/ros2_ws/install/my_robot_controller/lib/my_robot_controller
[2.170s] Installing pose_subscriber script to /home/clgpoulain/ros2_ws/install/my_robot_controller/lib/my_robot_controller
[2.170s] Installing robot_controller script to /home/clgpoulain/ros2_ws/install/my_robot_controller/lib/my_robot_controller
[2.170s] Installing turtle_circle script to /home/clgpoulain/ros2_ws/install/my_robot_controller/lib/my_robot_controller
[2.170s] writing list of installed files to '/home/clgpoulain/ros2_ws/build/my_robot_controller/install.log'
[2.240s] Invoked command in '/home/clgpoulain/ros2_ws/src/my_robot_controller' returned '0': PYTHONPATH=/home/clgpoulain/ros2_ws/build/my_robot_controller/prefix_override:/home/clgpoulain/ros2_ws/install/my_robot_controller/lib/python3.10/site-packages:${PYTHONPATH} /usr/bin/python3 setup.py egg_info --egg-base ../../build/my_robot_controller build --build-base /home/clgpoulain/ros2_ws/build/my_robot_controller/build install --record /home/clgpoulain/ros2_ws/build/my_robot_controller/install.log --single-version-externally-managed
