[1.851s] Invoking command in '/home/clgpoulain/ros2_ws/build/my_robot_controller': PYTHONPATH=/home/clgpoulain/ros2_ws/build/my_robot_controller/prefix_override:/home/clgpoulain/ros2_ws/install/my_robot_controller/lib/python3.10/site-packages:${PYTHONPATH} /usr/bin/python3 setup.py develop --uninstall --editable --build-directory /home/clgpoulain/ros2_ws/build/my_robot_controller/build
[2.264s] running develop
[2.587s] Removing /home/clgpoulain/ros2_ws/install/my_robot_controller/lib/python3.10/site-packages/my-robot-controller.egg-link (link to .)
[2.649s] Invoked command in '/home/clgpoulain/ros2_ws/build/my_robot_controller' returned '0': PYTHONPATH=/home/clgpoulain/ros2_ws/build/my_robot_controller/prefix_override:/home/clgpoulain/ros2_ws/install/my_robot_controller/lib/python3.10/site-packages:${PYTHONPATH} /usr/bin/python3 setup.py develop --uninstall --editable --build-directory /home/clgpoulain/ros2_ws/build/my_robot_controller/build
[2.652s] Invoking command in '/home/clgpoulain/ros2_ws/src/my_robot_controller': PYTHONPATH=/home/clgpoulain/ros2_ws/build/my_robot_controller/prefix_override:/home/clgpoulain/ros2_ws/install/my_robot_controller/lib/python3.10/site-packages:${PYTHONPATH} /usr/bin/python3 setup.py egg_info --egg-base ../../build/my_robot_controller build --build-base /home/clgpoulain/ros2_ws/build/my_robot_controller/build install --record /home/clgpoulain/ros2_ws/build/my_robot_controller/install.log --single-version-externally-managed
[3.057s] running egg_info
[3.059s] writing ../../build/my_robot_controller/my_robot_controller.egg-info/PKG-INFO
[3.060s] writing dependency_links to ../../build/my_robot_controller/my_robot_controller.egg-info/dependency_links.txt
[3.061s] writing entry points to ../../build/my_robot_controller/my_robot_controller.egg-info/entry_points.txt
[3.061s] writing requirements to ../../build/my_robot_controller/my_robot_controller.egg-info/requires.txt
[3.061s] writing top-level names to ../../build/my_robot_controller/my_robot_controller.egg-info/top_level.txt
[3.064s] reading manifest file '../../build/my_robot_controller/my_robot_controller.egg-info/SOURCES.txt'
[3.065s] writing manifest file '../../build/my_robot_controller/my_robot_controller.egg-info/SOURCES.txt'
[3.066s] running build
[3.066s] running build_py
[3.067s] copying my_robot_controller/pose_subscriber.py -> /home/clgpoulain/ros2_ws/build/my_robot_controller/build/lib/my_robot_controller
[3.067s] copying my_robot_controller/turtle_circle.py -> /home/clgpoulain/ros2_ws/build/my_robot_controller/build/lib/my_robot_controller
[3.090s] copying my_robot_controller/robot_controller.py -> /home/clgpoulain/ros2_ws/build/my_robot_controller/build/lib/my_robot_controller
[3.091s] running install
[3.091s] running install_lib
[3.092s] creating /home/clgpoulain/ros2_ws/install/my_robot_controller/lib/python3.10/site-packages/my_robot_controller
[3.092s] copying /home/clgpoulain/ros2_ws/build/my_robot_controller/build/lib/my_robot_controller/pose_subscriber.py -> /home/clgpoulain/ros2_ws/install/my_robot_controller/lib/python3.10/site-packages/my_robot_controller
[3.092s] copying /home/clgpoulain/ros2_ws/build/my_robot_controller/build/lib/my_robot_controller/my_first_node.py -> /home/clgpoulain/ros2_ws/install/my_robot_controller/lib/python3.10/site-packages/my_robot_controller
[3.131s] copying /home/clgpoulain/ros2_ws/build/my_robot_controller/build/lib/my_robot_controller/__init__.py -> /home/clgpoulain/ros2_ws/install/my_robot_controller/lib/python3.10/site-packages/my_robot_controller
[3.132s] copying /home/clgpoulain/ros2_ws/build/my_robot_controller/build/lib/my_robot_controller/turtle_circle.py -> /home/clgpoulain/ros2_ws/install/my_robot_controller/lib/python3.10/site-packages/my_robot_controller
[3.132s] copying /home/clgpoulain/ros2_ws/build/my_robot_controller/build/lib/my_robot_controller/robot_controller.py -> /home/clgpoulain/ros2_ws/install/my_robot_controller/lib/python3.10/site-packages/my_robot_controller
[3.132s] byte-compiling /home/clgpoulain/ros2_ws/install/my_robot_controller/lib/python3.10/site-packages/my_robot_controller/pose_subscriber.py to pose_subscriber.cpython-310.pyc
[3.132s] byte-compiling /home/clgpoulain/ros2_ws/install/my_robot_controller/lib/python3.10/site-packages/my_robot_controller/my_first_node.py to my_first_node.cpython-310.pyc
[3.133s] byte-compiling /home/clgpoulain/ros2_ws/install/my_robot_controller/lib/python3.10/site-packages/my_robot_controller/__init__.py to __init__.cpython-310.pyc
[3.134s] byte-compiling /home/clgpoulain/ros2_ws/install/my_robot_controller/lib/python3.10/site-packages/my_robot_controller/turtle_circle.py to turtle_circle.cpython-310.pyc
[3.134s] byte-compiling /home/clgpoulain/ros2_ws/install/my_robot_controller/lib/python3.10/site-packages/my_robot_controller/robot_controller.py to robot_controller.cpython-310.pyc
[3.135s] running install_data
[3.135s] running install_egg_info
[3.137s] Copying ../../build/my_robot_controller/my_robot_controller.egg-info to /home/clgpoulain/ros2_ws/install/my_robot_controller/lib/python3.10/site-packages/my_robot_controller-0.0.0-py3.10.egg-info
[3.159s] running install_scripts
[3.189s] Installing my_first_trial script to /home/clgpoulain/ros2_ws/install/my_robot_controller/lib/my_robot_controller
[3.189s] Installing pose_subscriber script to /home/clgpoulain/ros2_ws/install/my_robot_controller/lib/my_robot_controller
[3.189s] Installing robot_controller script to /home/clgpoulain/ros2_ws/install/my_robot_controller/lib/my_robot_controller
[3.189s] Installing turtle_circle script to /home/clgpoulain/ros2_ws/install/my_robot_controller/lib/my_robot_controller
[3.190s] writing list of installed files to '/home/clgpoulain/ros2_ws/build/my_robot_controller/install.log'
[3.238s] Invoked command in '/home/clgpoulain/ros2_ws/src/my_robot_controller' returned '0': PYTHONPATH=/home/clgpoulain/ros2_ws/build/my_robot_controller/prefix_override:/home/clgpoulain/ros2_ws/install/my_robot_controller/lib/python3.10/site-packages:${PYTHONPATH} /usr/bin/python3 setup.py egg_info --egg-base ../../build/my_robot_controller build --build-base /home/clgpoulain/ros2_ws/build/my_robot_controller/build install --record /home/clgpoulain/ros2_ws/build/my_robot_controller/install.log --single-version-externally-managed
