[0.093s] Invoking command in '/home/clgpoulain/ros2_ws/build/my_robot_bringup': CMAKE_PREFIX_PATH=/home/clgpoulain/ros2_ws/install/my_robot_description:/home/clgpoulain/ros2_ws/install/my_robot_bringup:/home/clgpoulain/ros2_ws/install/my_robot_controller:/opt/ros/humble /usr/bin/cmake --build /home/clgpoulain/ros2_ws/build/my_robot_bringup -- -j4 -l4
[0.139s] Invoked command in '/home/clgpoulain/ros2_ws/build/my_robot_bringup' returned '0': CMAKE_PREFIX_PATH=/home/clgpoulain/ros2_ws/install/my_robot_description:/home/clgpoulain/ros2_ws/install/my_robot_bringup:/home/clgpoulain/ros2_ws/install/my_robot_controller:/opt/ros/humble /usr/bin/cmake --build /home/clgpoulain/ros2_ws/build/my_robot_bringup -- -j4 -l4
[0.166s] Invoking command in '/home/clgpoulain/ros2_ws/build/my_robot_bringup': CMAKE_PREFIX_PATH=/home/clgpoulain/ros2_ws/install/my_robot_description:/home/clgpoulain/ros2_ws/install/my_robot_bringup:/home/clgpoulain/ros2_ws/install/my_robot_controller:/opt/ros/humble /usr/bin/cmake --install /home/clgpoulain/ros2_ws/build/my_robot_bringup
[0.176s] -- Install configuration: ""
[0.177s] -- Execute custom install script
[0.177s] -- Up-to-date symlink: /home/clgpoulain/ros2_ws/install/my_robot_bringup/share/my_robot_bringup//launch/my_robot_gazebo.launch.xml
[0.178s] -- Up-to-date symlink: /home/clgpoulain/ros2_ws/install/my_robot_bringup/share/ament_index/resource_index/package_run_dependencies/my_robot_bringup
[0.178s] -- Up-to-date symlink: /home/clgpoulain/ros2_ws/install/my_robot_bringup/share/ament_index/resource_index/parent_prefix_path/my_robot_bringup
[0.178s] -- Up-to-date symlink: /home/clgpoulain/ros2_ws/install/my_robot_bringup/share/my_robot_bringup/environment/ament_prefix_path.sh
[0.178s] -- Up-to-date symlink: /home/clgpoulain/ros2_ws/install/my_robot_bringup/share/my_robot_bringup/environment/ament_prefix_path.dsv
[0.178s] -- Up-to-date symlink: /home/clgpoulain/ros2_ws/install/my_robot_bringup/share/my_robot_bringup/environment/path.sh
[0.179s] -- Up-to-date symlink: /home/clgpoulain/ros2_ws/install/my_robot_bringup/share/my_robot_bringup/environment/path.dsv
[0.179s] -- Up-to-date symlink: /home/clgpoulain/ros2_ws/install/my_robot_bringup/share/my_robot_bringup/local_setup.bash
[0.179s] -- Up-to-date symlink: /home/clgpoulain/ros2_ws/install/my_robot_bringup/share/my_robot_bringup/local_setup.sh
[0.179s] -- Up-to-date symlink: /home/clgpoulain/ros2_ws/install/my_robot_bringup/share/my_robot_bringup/local_setup.zsh
[0.179s] -- Up-to-date symlink: /home/clgpoulain/ros2_ws/install/my_robot_bringup/share/my_robot_bringup/local_setup.dsv
[0.179s] -- Symlinking: /home/clgpoulain/ros2_ws/install/my_robot_bringup/share/my_robot_bringup/package.dsv
[0.191s] -- Up-to-date symlink: /home/clgpoulain/ros2_ws/install/my_robot_bringup/share/ament_index/resource_index/packages/my_robot_bringup
[0.191s] -- Up-to-date symlink: /home/clgpoulain/ros2_ws/install/my_robot_bringup/share/my_robot_bringup/cmake/my_robot_bringupConfig.cmake
[0.191s] -- Up-to-date symlink: /home/clgpoulain/ros2_ws/install/my_robot_bringup/share/my_robot_bringup/cmake/my_robot_bringupConfig-version.cmake
[0.192s] -- Up-to-date symlink: /home/clgpoulain/ros2_ws/install/my_robot_bringup/share/my_robot_bringup/package.xml
[0.194s] Invoked command in '/home/clgpoulain/ros2_ws/build/my_robot_bringup' returned '0': CMAKE_PREFIX_PATH=/home/clgpoulain/ros2_ws/install/my_robot_description:/home/clgpoulain/ros2_ws/install/my_robot_bringup:/home/clgpoulain/ros2_ws/install/my_robot_controller:/opt/ros/humble /usr/bin/cmake --install /home/clgpoulain/ros2_ws/build/my_robot_bringup
