[0.241s] Invoking command in '/home/clgpoulain/ros2_ws/build/my_robot_description': CMAKE_PREFIX_PATH=${CMAKE_PREFIX_PATH}:/home/clgpoulain/ros2_ws/install/my_robot_controller:/opt/ros/humble /usr/bin/cmake --build /home/clgpoulain/ros2_ws/build/my_robot_description -- -j4 -l4
[0.432s] -- Found ament_cmake: 1.3.8 (/opt/ros/humble/share/ament_cmake/cmake)
[0.715s] -- Override CMake install command with custom implementation using symlinks instead of copying resources
[0.871s] -- Configuring done
[0.894s] -- Generating done
[0.895s] -- Build files have been written to: /home/clgpoulain/ros2_ws/build/my_robot_description
[0.920s] Invoked command in '/home/clgpoulain/ros2_ws/build/my_robot_description' returned '0': CMAKE_PREFIX_PATH=${CMAKE_PREFIX_PATH}:/home/clgpoulain/ros2_ws/install/my_robot_controller:/opt/ros/humble /usr/bin/cmake --build /home/clgpoulain/ros2_ws/build/my_robot_description -- -j4 -l4
[0.959s] Invoking command in '/home/clgpoulain/ros2_ws/build/my_robot_description': CMAKE_PREFIX_PATH=${CMAKE_PREFIX_PATH}:/home/clgpoulain/ros2_ws/install/my_robot_controller:/opt/ros/humble /usr/bin/cmake --install /home/clgpoulain/ros2_ws/build/my_robot_description
[0.968s] -- Install configuration: ""
[0.968s] -- Execute custom install script
[0.969s] -- Symlinking: /home/clgpoulain/ros2_ws/install/my_robot_description/share/my_robot_description//urdf/camera.xacro
[0.980s] -- Up-to-date symlink: /home/clgpoulain/ros2_ws/install/my_robot_description/share/my_robot_description//urdf/mobile_base.xacro
[0.980s] -- Up-to-date symlink: /home/clgpoulain/ros2_ws/install/my_robot_description/share/my_robot_description//urdf/mobile_base_gazebo.xacro
[0.980s] -- Up-to-date symlink: /home/clgpoulain/ros2_ws/install/my_robot_description/share/my_robot_description//urdf/my_robot.urdf.xacro
[0.981s] -- Up-to-date symlink: /home/clgpoulain/ros2_ws/install/my_robot_description/share/my_robot_description//urdf/properties.xacro
[0.981s] -- Up-to-date symlink: /home/clgpoulain/ros2_ws/install/my_robot_description/share/my_robot_description//launch/display.launch.xml
[0.981s] -- Up-to-date symlink: /home/clgpoulain/ros2_ws/install/my_robot_description/share/my_robot_description//rviz/my_robot.rviz
[0.982s] -- Up-to-date symlink: /home/clgpoulain/ros2_ws/install/my_robot_description/share/ament_index/resource_index/package_run_dependencies/my_robot_description
[0.982s] -- Up-to-date symlink: /home/clgpoulain/ros2_ws/install/my_robot_description/share/ament_index/resource_index/parent_prefix_path/my_robot_description
[0.982s] -- Up-to-date symlink: /home/clgpoulain/ros2_ws/install/my_robot_description/share/my_robot_description/environment/ament_prefix_path.sh
[0.982s] -- Up-to-date symlink: /home/clgpoulain/ros2_ws/install/my_robot_description/share/my_robot_description/environment/ament_prefix_path.dsv
[0.982s] -- Up-to-date symlink: /home/clgpoulain/ros2_ws/install/my_robot_description/share/my_robot_description/environment/path.sh
[0.983s] -- Up-to-date symlink: /home/clgpoulain/ros2_ws/install/my_robot_description/share/my_robot_description/environment/path.dsv
[0.983s] -- Up-to-date symlink: /home/clgpoulain/ros2_ws/install/my_robot_description/share/my_robot_description/local_setup.bash
[0.983s] -- Up-to-date symlink: /home/clgpoulain/ros2_ws/install/my_robot_description/share/my_robot_description/local_setup.sh
[0.983s] -- Up-to-date symlink: /home/clgpoulain/ros2_ws/install/my_robot_description/share/my_robot_description/local_setup.zsh
[0.983s] -- Up-to-date symlink: /home/clgpoulain/ros2_ws/install/my_robot_description/share/my_robot_description/local_setup.dsv
[0.983s] -- Symlinking: /home/clgpoulain/ros2_ws/install/my_robot_description/share/my_robot_description/package.dsv
[0.995s] -- Up-to-date symlink: /home/clgpoulain/ros2_ws/install/my_robot_description/share/ament_index/resource_index/packages/my_robot_description
[0.995s] -- Up-to-date symlink: /home/clgpoulain/ros2_ws/install/my_robot_description/share/my_robot_description/cmake/my_robot_descriptionConfig.cmake
[0.995s] -- Up-to-date symlink: /home/clgpoulain/ros2_ws/install/my_robot_description/share/my_robot_description/cmake/my_robot_descriptionConfig-version.cmake
[0.995s] -- Up-to-date symlink: /home/clgpoulain/ros2_ws/install/my_robot_description/share/my_robot_description/package.xml
[0.997s] Invoked command in '/home/clgpoulain/ros2_ws/build/my_robot_description' returned '0': CMAKE_PREFIX_PATH=${CMAKE_PREFIX_PATH}:/home/clgpoulain/ros2_ws/install/my_robot_controller:/opt/ros/humble /usr/bin/cmake --install /home/clgpoulain/ros2_ws/build/my_robot_description
